{"/home/jenkins/workspace/ut-card_post-commit/node_modules/ut-run/test.js":{"path":"/home/jenkins/workspace/ut-card_post-commit/node_modules/ut-run/test.js","statementMap":{"0":{"start":{"line":2,"column":11},"end":{"line":2,"column":31}},"1":{"start":{"line":3,"column":10},"end":{"line":3,"column":28}},"2":{"start":{"line":4,"column":15},"end":{"line":4,"column":34}},"3":{"start":{"line":7,"column":4},"end":{"line":9,"column":6}},"4":{"start":{"line":8,"column":8},"end":{"line":8,"column":74}},"5":{"start":{"line":8,"column":38},"end":{"line":8,"column":72}},"6":{"start":{"line":14,"column":8},"end":{"line":20,"column":9}},"7":{"start":{"line":15,"column":12},"end":{"line":15,"column":96}},"8":{"start":{"line":16,"column":12},"end":{"line":16,"column":32}},"9":{"start":{"line":18,"column":12},"end":{"line":18,"column":27}},"10":{"start":{"line":19,"column":12},"end":{"line":19,"column":99}},"11":{"start":{"line":22,"column":19},"end":{"line":22,"column":21}},"12":{"start":{"line":24,"column":8},"end":{"line":24,"column":49}},"13":{"start":{"line":26,"column":4},"end":{"line":109,"column":21}},"14":{"start":{"line":27,"column":22},"end":{"line":29,"column":9}},"15":{"start":{"line":30,"column":20},"end":{"line":42,"column":10}},"16":{"start":{"line":31,"column":12},"end":{"line":33,"column":13}},"17":{"start":{"line":32,"column":16},"end":{"line":32,"column":57}},"18":{"start":{"line":34,"column":12},"end":{"line":41,"column":14}},"19":{"start":{"line":37,"column":76},"end":{"line":37,"column":99}},"20":{"start":{"line":38,"column":87},"end":{"line":38,"column":112}},"21":{"start":{"line":43,"column":21},"end":{"line":44,"column":119}},"22":{"start":{"line":45,"column":23},"end":{"line":46,"column":120}},"23":{"start":{"line":48,"column":22},"end":{"line":48,"column":39}},"24":{"start":{"line":49,"column":8},"end":{"line":107,"column":11}},"25":{"start":{"line":50,"column":12},"end":{"line":106,"column":15}},"26":{"start":{"line":51,"column":28},"end":{"line":51,"column":38}},"27":{"start":{"line":52,"column":27},"end":{"line":52,"column":32}},"28":{"start":{"line":54,"column":20},"end":{"line":59,"column":23}},"29":{"start":{"line":61,"column":16},"end":{"line":61,"column":49}},"30":{"start":{"line":62,"column":16},"end":{"line":105,"column":53}},"31":{"start":{"line":64,"column":24},"end":{"line":64,"column":54}},"32":{"start":{"line":65,"column":24},"end":{"line":69,"column":31}},"33":{"start":{"line":67,"column":32},"end":{"line":67,"column":56}},"34":{"start":{"line":68,"column":32},"end":{"line":68,"column":46}},"35":{"start":{"line":72,"column":24},"end":{"line":72,"column":36}},"36":{"start":{"line":76,"column":20},"end":{"line":78,"column":21}},"37":{"start":{"line":77,"column":24},"end":{"line":77,"column":86}},"38":{"start":{"line":79,"column":20},"end":{"line":103,"column":27}},"39":{"start":{"line":81,"column":28},"end":{"line":81,"column":69}},"40":{"start":{"line":82,"column":28},"end":{"line":82,"column":67}},"41":{"start":{"line":83,"column":28},"end":{"line":83,"column":47}},"42":{"start":{"line":84,"column":28},"end":{"line":84,"column":56}},"43":{"start":{"line":85,"column":28},"end":{"line":91,"column":29}},"44":{"start":{"line":86,"column":32},"end":{"line":86,"column":72}},"45":{"start":{"line":87,"column":35},"end":{"line":91,"column":29}},"46":{"start":{"line":88,"column":32},"end":{"line":88,"column":79}},"47":{"start":{"line":90,"column":32},"end":{"line":90,"column":87}},"48":{"start":{"line":92,"column":28},"end":{"line":92,"column":42}},"49":{"start":{"line":95,"column":28},"end":{"line":95,"column":69}},"50":{"start":{"line":96,"column":28},"end":{"line":96,"column":48}},"51":{"start":{"line":97,"column":28},"end":{"line":97,"column":47}},"52":{"start":{"line":98,"column":28},"end":{"line":102,"column":29}},"53":{"start":{"line":99,"column":32},"end":{"line":99,"column":70}},"54":{"start":{"line":101,"column":32},"end":{"line":101,"column":44}},"55":{"start":{"line":105,"column":34},"end":{"line":105,"column":51}},"56":{"start":{"line":108,"column":8},"end":{"line":108,"column":23}},"57":{"start":{"line":113,"column":15},"end":{"line":113,"column":27}},"58":{"start":{"line":114,"column":16},"end":{"line":114,"column":26}},"59":{"start":{"line":115,"column":4},"end":{"line":115,"column":42}},"60":{"start":{"line":117,"column":17},"end":{"line":118,"column":114}},"61":{"start":{"line":119,"column":19},"end":{"line":120,"column":115}},"62":{"start":{"line":121,"column":24},"end":{"line":122,"column":128}},"63":{"start":{"line":123,"column":22},"end":{"line":124,"column":124}},"64":{"start":{"line":125,"column":23},"end":{"line":126,"column":126}},"65":{"start":{"line":127,"column":14},"end":{"line":128,"column":124}},"66":{"start":{"line":129,"column":24},"end":{"line":130,"column":126}},"67":{"start":{"line":131,"column":23},"end":{"line":132,"column":124}},"68":{"start":{"line":134,"column":17},"end":{"line":134,"column":19}},"69":{"start":{"line":135,"column":4},"end":{"line":202,"column":7}},"70":{"start":{"line":136,"column":20},"end":{"line":136,"column":24}},"71":{"start":{"line":137,"column":27},"end":{"line":167,"column":9}},"72":{"start":{"line":148,"column":16},"end":{"line":150,"column":17}},"73":{"start":{"line":149,"column":20},"end":{"line":149,"column":34}},"74":{"start":{"line":151,"column":16},"end":{"line":164,"column":17}},"75":{"start":{"line":152,"column":33},"end":{"line":152,"column":157}},"76":{"start":{"line":153,"column":20},"end":{"line":155,"column":21}},"77":{"start":{"line":154,"column":24},"end":{"line":154,"column":48}},"78":{"start":{"line":156,"column":33},"end":{"line":156,"column":74}},"79":{"start":{"line":157,"column":20},"end":{"line":161,"column":21}},"80":{"start":{"line":158,"column":24},"end":{"line":158,"column":38}},"81":{"start":{"line":159,"column":24},"end":{"line":159,"column":58}},"82":{"start":{"line":160,"column":24},"end":{"line":160,"column":71}},"83":{"start":{"line":162,"column":20},"end":{"line":162,"column":55}},"84":{"start":{"line":163,"column":20},"end":{"line":163,"column":58}},"85":{"start":{"line":165,"column":16},"end":{"line":165,"column":54}},"86":{"start":{"line":168,"column":8},"end":{"line":201,"column":11}},"87":{"start":{"line":169,"column":12},"end":{"line":171,"column":15}},"88":{"start":{"line":170,"column":16},"end":{"line":170,"column":56}},"89":{"start":{"line":173,"column":12},"end":{"line":173,"column":53}},"90":{"start":{"line":174,"column":12},"end":{"line":174,"column":44}},"91":{"start":{"line":175,"column":12},"end":{"line":175,"column":65}},"92":{"start":{"line":176,"column":12},"end":{"line":176,"column":59}},"93":{"start":{"line":177,"column":12},"end":{"line":177,"column":49}},"94":{"start":{"line":178,"column":12},"end":{"line":178,"column":35}},"95":{"start":{"line":179,"column":12},"end":{"line":179,"column":65}},"96":{"start":{"line":180,"column":12},"end":{"line":180,"column":62}},"97":{"start":{"line":182,"column":26},"end":{"line":182,"column":68}},"98":{"start":{"line":184,"column":12},"end":{"line":191,"column":13}},"99":{"start":{"line":185,"column":27},"end":{"line":185,"column":57}},"100":{"start":{"line":186,"column":16},"end":{"line":190,"column":19}},"101":{"start":{"line":187,"column":36},"end":{"line":188,"column":149}},"102":{"start":{"line":189,"column":20},"end":{"line":189,"column":54}},"103":{"start":{"line":192,"column":12},"end":{"line":192,"column":62}},"104":{"start":{"line":193,"column":12},"end":{"line":199,"column":13}},"105":{"start":{"line":194,"column":16},"end":{"line":194,"column":59}},"106":{"start":{"line":196,"column":16},"end":{"line":198,"column":25}},"107":{"start":{"line":197,"column":20},"end":{"line":197,"column":69}},"108":{"start":{"line":200,"column":12},"end":{"line":200,"column":24}},"109":{"start":{"line":205,"column":0},"end":{"line":307,"column":2}},"110":{"start":{"line":207,"column":4},"end":{"line":217,"column":5}},"111":{"start":{"line":208,"column":8},"end":{"line":216,"column":9}},"112":{"start":{"line":209,"column":12},"end":{"line":209,"column":31}},"113":{"start":{"line":210,"column":12},"end":{"line":212,"column":13}},"114":{"start":{"line":211,"column":16},"end":{"line":211,"column":110}},"115":{"start":{"line":211,"column":69},"end":{"line":211,"column":108}},"116":{"start":{"line":214,"column":12},"end":{"line":214,"column":144}},"117":{"start":{"line":214,"column":69},"end":{"line":214,"column":142}},"118":{"start":{"line":215,"column":12},"end":{"line":215,"column":19}},"119":{"start":{"line":221,"column":4},"end":{"line":233,"column":5}},"120":{"start":{"line":222,"column":8},"end":{"line":226,"column":10}},"121":{"start":{"line":227,"column":8},"end":{"line":227,"column":36}},"122":{"start":{"line":228,"column":8},"end":{"line":231,"column":12}},"123":{"start":{"line":228,"column":51},"end":{"line":231,"column":10}},"124":{"start":{"line":229,"column":12},"end":{"line":229,"column":95}},"125":{"start":{"line":230,"column":12},"end":{"line":230,"column":24}},"126":{"start":{"line":232,"column":8},"end":{"line":232,"column":15}},"127":{"start":{"line":235,"column":17},"end":{"line":241,"column":5}},"128":{"start":{"line":242,"column":4},"end":{"line":248,"column":6}},"129":{"start":{"line":251,"column":4},"end":{"line":259,"column":7}},"130":{"start":{"line":252,"column":8},"end":{"line":252,"column":51}},"131":{"start":{"line":253,"column":8},"end":{"line":258,"column":11}},"132":{"start":{"line":254,"column":12},"end":{"line":254,"column":89}},"133":{"start":{"line":255,"column":25},"end":{"line":256,"column":92}},"134":{"start":{"line":255,"column":80},"end":{"line":255,"column":92}},"135":{"start":{"line":256,"column":16},"end":{"line":256,"column":91}},"136":{"start":{"line":257,"column":12},"end":{"line":257,"column":26}},"137":{"start":{"line":261,"column":4},"end":{"line":271,"column":7}},"138":{"start":{"line":262,"column":8},"end":{"line":270,"column":15}},"139":{"start":{"line":264,"column":16},"end":{"line":264,"column":69}},"140":{"start":{"line":265,"column":16},"end":{"line":269,"column":19}},"141":{"start":{"line":266,"column":20},"end":{"line":266,"column":86}},"142":{"start":{"line":267,"column":20},"end":{"line":268,"column":101}},"143":{"start":{"line":267,"column":64},"end":{"line":267,"column":76}},"144":{"start":{"line":268,"column":24},"end":{"line":268,"column":99}},"145":{"start":{"line":274,"column":8},"end":{"line":278,"column":11}},"146":{"start":{"line":275,"column":12},"end":{"line":277,"column":16}},"147":{"start":{"line":275,"column":71},"end":{"line":277,"column":14}},"148":{"start":{"line":276,"column":16},"end":{"line":276,"column":37}},"149":{"start":{"line":279,"column":8},"end":{"line":281,"column":12}},"150":{"start":{"line":279,"column":55},"end":{"line":281,"column":10}},"151":{"start":{"line":280,"column":12},"end":{"line":280,"column":37}},"152":{"start":{"line":282,"column":8},"end":{"line":287,"column":12}},"153":{"start":{"line":282,"column":55},"end":{"line":287,"column":10}},"154":{"start":{"line":283,"column":12},"end":{"line":286,"column":16}},"155":{"start":{"line":285,"column":16},"end":{"line":285,"column":27}},"156":{"start":{"line":288,"column":8},"end":{"line":288,"column":52}},"157":{"start":{"line":288,"column":40},"end":{"line":288,"column":50}},"158":{"start":{"line":291,"column":18},"end":{"line":304,"column":5}},"159":{"start":{"line":292,"column":8},"end":{"line":298,"column":11}},"160":{"start":{"line":293,"column":20},"end":{"line":293,"column":37}},"161":{"start":{"line":294,"column":12},"end":{"line":296,"column":15}},"162":{"start":{"line":295,"column":16},"end":{"line":295,"column":74}},"163":{"start":{"line":295,"column":34},"end":{"line":295,"column":71}},"164":{"start":{"line":295,"column":58},"end":{"line":295,"column":69}},"165":{"start":{"line":297,"column":12},"end":{"line":297,"column":21}},"166":{"start":{"line":299,"column":8},"end":{"line":299,"column":91}},"167":{"start":{"line":299,"column":50},"end":{"line":299,"column":89}},"168":{"start":{"line":300,"column":8},"end":{"line":303,"column":10}},"169":{"start":{"line":300,"column":40},"end":{"line":302,"column":75}},"170":{"start":{"line":302,"column":25},"end":{"line":302,"column":74}},"171":{"start":{"line":306,"column":4},"end":{"line":306,"column":39}}},"fnMap":{"0":{"name":"promisify","decl":{"start":{"line":6,"column":9},"end":{"line":6,"column":18}},"loc":{"start":{"line":6,"column":23},"end":{"line":10,"column":1}}},"1":{"name":"(anonymous_1)","decl":{"start":{"line":7,"column":11},"end":{"line":7,"column":12}},"loc":{"start":{"line":7,"column":22},"end":{"line":9,"column":5}}},"2":{"name":"(anonymous_2)","decl":{"start":{"line":8,"column":27},"end":{"line":8,"column":28}},"loc":{"start":{"line":8,"column":38},"end":{"line":8,"column":72}}},"3":{"name":"sequence","decl":{"start":{"line":12,"column":9},"end":{"line":12,"column":17}},"loc":{"start":{"line":12,"column":52},"end":{"line":110,"column":1}}},"4":{"name":"printSubtest","decl":{"start":{"line":13,"column":13},"end":{"line":13,"column":25}},"loc":{"start":{"line":13,"column":39},"end":{"line":21,"column":5}}},"5":{"name":"getName","decl":{"start":{"line":23,"column":13},"end":{"line":23,"column":20}},"loc":{"start":{"line":23,"column":27},"end":{"line":25,"column":5}}},"6":{"name":"runSequence","decl":{"start":{"line":26,"column":21},"end":{"line":26,"column":32}},"loc":{"start":{"line":26,"column":47},"end":{"line":109,"column":5}}},"7":{"name":"(anonymous_7)","decl":{"start":{"line":30,"column":29},"end":{"line":30,"column":30}},"loc":{"start":{"line":30,"column":41},"end":{"line":42,"column":9}}},"8":{"name":"(anonymous_8)","decl":{"start":{"line":37,"column":64},"end":{"line":37,"column":65}},"loc":{"start":{"line":37,"column":76},"end":{"line":37,"column":99}}},"9":{"name":"(anonymous_9)","decl":{"start":{"line":38,"column":81},"end":{"line":38,"column":82}},"loc":{"start":{"line":38,"column":87},"end":{"line":38,"column":112}}},"10":{"name":"(anonymous_10)","decl":{"start":{"line":49,"column":22},"end":{"line":49,"column":23}},"loc":{"start":{"line":49,"column":44},"end":{"line":107,"column":9}}},"11":{"name":"(anonymous_11)","decl":{"start":{"line":50,"column":35},"end":{"line":50,"column":36}},"loc":{"start":{"line":50,"column":46},"end":{"line":106,"column":13}}},"12":{"name":"performanceWrite","decl":{"start":{"line":53,"column":25},"end":{"line":53,"column":41}},"loc":{"start":{"line":53,"column":44},"end":{"line":60,"column":17}}},"13":{"name":"(anonymous_13)","decl":{"start":{"line":63,"column":30},"end":{"line":63,"column":31}},"loc":{"start":{"line":63,"column":41},"end":{"line":70,"column":21}}},"14":{"name":"(anonymous_14)","decl":{"start":{"line":66,"column":34},"end":{"line":66,"column":35}},"loc":{"start":{"line":66,"column":51},"end":{"line":69,"column":29}}},"15":{"name":"(anonymous_15)","decl":{"start":{"line":71,"column":26},"end":{"line":71,"column":27}},"loc":{"start":{"line":71,"column":37},"end":{"line":73,"column":21}}},"16":{"name":"(anonymous_16)","decl":{"start":{"line":75,"column":22},"end":{"line":75,"column":23}},"loc":{"start":{"line":75,"column":39},"end":{"line":104,"column":17}}},"17":{"name":"(anonymous_17)","decl":{"start":{"line":80,"column":30},"end":{"line":80,"column":31}},"loc":{"start":{"line":80,"column":47},"end":{"line":93,"column":25}}},"18":{"name":"(anonymous_18)","decl":{"start":{"line":94,"column":31},"end":{"line":94,"column":32}},"loc":{"start":{"line":94,"column":47},"end":{"line":103,"column":25}}},"19":{"name":"(anonymous_19)","decl":{"start":{"line":105,"column":23},"end":{"line":105,"column":24}},"loc":{"start":{"line":105,"column":34},"end":{"line":105,"column":51}}},"20":{"name":"performanceTest","decl":{"start":{"line":112,"column":9},"end":{"line":112,"column":24}},"loc":{"start":{"line":112,"column":52},"end":{"line":203,"column":1}}},"21":{"name":"(anonymous_21)","decl":{"start":{"line":135,"column":68},"end":{"line":135,"column":69}},"loc":{"start":{"line":135,"column":86},"end":{"line":202,"column":5}}},"22":{"name":"(anonymous_22)","decl":{"start":{"line":147,"column":28},"end":{"line":147,"column":29}},"loc":{"start":{"line":147,"column":63},"end":{"line":166,"column":13}}},"23":{"name":"(anonymous_23)","decl":{"start":{"line":168,"column":27},"end":{"line":168,"column":28}},"loc":{"start":{"line":168,"column":53},"end":{"line":172,"column":9}}},"24":{"name":"(anonymous_24)","decl":{"start":{"line":169,"column":44},"end":{"line":169,"column":45}},"loc":{"start":{"line":169,"column":68},"end":{"line":171,"column":13}}},"25":{"name":"(anonymous_25)","decl":{"start":{"line":172,"column":16},"end":{"line":172,"column":17}},"loc":{"start":{"line":172,"column":33},"end":{"line":201,"column":9}}},"26":{"name":"(anonymous_26)","decl":{"start":{"line":186,"column":25},"end":{"line":186,"column":26}},"loc":{"start":{"line":186,"column":39},"end":{"line":190,"column":17}}},"27":{"name":"(anonymous_27)","decl":{"start":{"line":196,"column":27},"end":{"line":196,"column":28}},"loc":{"start":{"line":196,"column":33},"end":{"line":198,"column":17}}},"28":{"name":"(anonymous_28)","decl":{"start":{"line":205,"column":17},"end":{"line":205,"column":18}},"loc":{"start":{"line":205,"column":41},"end":{"line":307,"column":1}}},"29":{"name":"(anonymous_29)","decl":{"start":{"line":211,"column":57},"end":{"line":211,"column":58}},"loc":{"start":{"line":211,"column":69},"end":{"line":211,"column":108}}},"30":{"name":"(anonymous_30)","decl":{"start":{"line":214,"column":57},"end":{"line":214,"column":58}},"loc":{"start":{"line":214,"column":69},"end":{"line":214,"column":142}}},"31":{"name":"(anonymous_31)","decl":{"start":{"line":228,"column":39},"end":{"line":228,"column":40}},"loc":{"start":{"line":228,"column":51},"end":{"line":231,"column":10}}},"32":{"name":"(anonymous_32)","decl":{"start":{"line":228,"column":66},"end":{"line":228,"column":67}},"loc":{"start":{"line":228,"column":78},"end":{"line":231,"column":9}}},"33":{"name":"(anonymous_33)","decl":{"start":{"line":251,"column":25},"end":{"line":251,"column":26}},"loc":{"start":{"line":251,"column":37},"end":{"line":259,"column":5}}},"34":{"name":"(anonymous_34)","decl":{"start":{"line":253,"column":30},"end":{"line":253,"column":31}},"loc":{"start":{"line":253,"column":42},"end":{"line":258,"column":9}}},"35":{"name":"(anonymous_35)","decl":{"start":{"line":255,"column":72},"end":{"line":255,"column":73}},"loc":{"start":{"line":255,"column":80},"end":{"line":255,"column":92}}},"36":{"name":"(anonymous_36)","decl":{"start":{"line":255,"column":100},"end":{"line":255,"column":101}},"loc":{"start":{"line":256,"column":16},"end":{"line":256,"column":91}}},"37":{"name":"(anonymous_37)","decl":{"start":{"line":261,"column":35},"end":{"line":261,"column":36}},"loc":{"start":{"line":261,"column":47},"end":{"line":271,"column":5}}},"38":{"name":"(anonymous_38)","decl":{"start":{"line":263,"column":18},"end":{"line":263,"column":19}},"loc":{"start":{"line":263,"column":24},"end":{"line":270,"column":13}}},"39":{"name":"(anonymous_39)","decl":{"start":{"line":265,"column":38},"end":{"line":265,"column":39}},"loc":{"start":{"line":265,"column":50},"end":{"line":269,"column":17}}},"40":{"name":"(anonymous_40)","decl":{"start":{"line":267,"column":56},"end":{"line":267,"column":57}},"loc":{"start":{"line":267,"column":64},"end":{"line":267,"column":76}}},"41":{"name":"(anonymous_41)","decl":{"start":{"line":267,"column":84},"end":{"line":267,"column":85}},"loc":{"start":{"line":268,"column":24},"end":{"line":268,"column":99}}},"42":{"name":"stop","decl":{"start":{"line":273,"column":13},"end":{"line":273,"column":17}},"loc":{"start":{"line":273,"column":29},"end":{"line":289,"column":5}}},"43":{"name":"(anonymous_43)","decl":{"start":{"line":274,"column":24},"end":{"line":274,"column":25}},"loc":{"start":{"line":274,"column":34},"end":{"line":278,"column":9}}},"44":{"name":"(anonymous_44)","decl":{"start":{"line":275,"column":59},"end":{"line":275,"column":60}},"loc":{"start":{"line":275,"column":71},"end":{"line":277,"column":14}}},"45":{"name":"(anonymous_45)","decl":{"start":{"line":275,"column":83},"end":{"line":275,"column":84}},"loc":{"start":{"line":275,"column":96},"end":{"line":277,"column":13}}},"46":{"name":"(anonymous_46)","decl":{"start":{"line":279,"column":43},"end":{"line":279,"column":44}},"loc":{"start":{"line":279,"column":55},"end":{"line":281,"column":10}}},"47":{"name":"(anonymous_47)","decl":{"start":{"line":279,"column":67},"end":{"line":279,"column":68}},"loc":{"start":{"line":279,"column":80},"end":{"line":281,"column":9}}},"48":{"name":"(anonymous_48)","decl":{"start":{"line":282,"column":43},"end":{"line":282,"column":44}},"loc":{"start":{"line":282,"column":55},"end":{"line":287,"column":10}}},"49":{"name":"(anonymous_49)","decl":{"start":{"line":282,"column":67},"end":{"line":282,"column":68}},"loc":{"start":{"line":282,"column":80},"end":{"line":287,"column":9}}},"50":{"name":"(anonymous_50)","decl":{"start":{"line":283,"column":44},"end":{"line":283,"column":45}},"loc":{"start":{"line":283,"column":58},"end":{"line":286,"column":13}}},"51":{"name":"(anonymous_51)","decl":{"start":{"line":288,"column":27},"end":{"line":288,"column":28}},"loc":{"start":{"line":288,"column":40},"end":{"line":288,"column":50}}},"52":{"name":"(anonymous_52)","decl":{"start":{"line":291,"column":18},"end":{"line":291,"column":19}},"loc":{"start":{"line":291,"column":29},"end":{"line":304,"column":5}}},"53":{"name":"(anonymous_53)","decl":{"start":{"line":292,"column":76},"end":{"line":292,"column":77}},"loc":{"start":{"line":292,"column":88},"end":{"line":298,"column":9}}},"54":{"name":"(anonymous_54)","decl":{"start":{"line":294,"column":47},"end":{"line":294,"column":48}},"loc":{"start":{"line":294,"column":60},"end":{"line":296,"column":13}}},"55":{"name":"(anonymous_55)","decl":{"start":{"line":295,"column":27},"end":{"line":295,"column":28}},"loc":{"start":{"line":295,"column":34},"end":{"line":295,"column":71}}},"56":{"name":"(anonymous_56)","decl":{"start":{"line":295,"column":47},"end":{"line":295,"column":48}},"loc":{"start":{"line":295,"column":58},"end":{"line":295,"column":69}}},"57":{"name":"(anonymous_57)","decl":{"start":{"line":299,"column":38},"end":{"line":299,"column":39}},"loc":{"start":{"line":299,"column":50},"end":{"line":299,"column":89}}},"58":{"name":"(anonymous_58)","decl":{"start":{"line":300,"column":28},"end":{"line":300,"column":29}},"loc":{"start":{"line":300,"column":40},"end":{"line":302,"column":75}}},"59":{"name":"(anonymous_59)","decl":{"start":{"line":302,"column":19},"end":{"line":302,"column":20}},"loc":{"start":{"line":302,"column":25},"end":{"line":302,"column":74}}}},"branchMap":{"0":{"loc":{"start":{"line":14,"column":8},"end":{"line":20,"column":9}},"type":"if","locations":[{"start":{"line":14,"column":8},"end":{"line":20,"column":9}},{"start":{"line":14,"column":8},"end":{"line":20,"column":9}}]},"1":{"loc":{"start":{"line":28,"column":20},"end":{"line":28,"column":32}},"type":"binary-expr","locations":[{"start":{"line":28,"column":20},"end":{"line":28,"column":26}},{"start":{"line":28,"column":30},"end":{"line":28,"column":32}}]},"2":{"loc":{"start":{"line":31,"column":12},"end":{"line":33,"column":13}},"type":"if","locations":[{"start":{"line":31,"column":12},"end":{"line":33,"column":13}},{"start":{"line":31,"column":12},"end":{"line":33,"column":13}}]},"3":{"loc":{"start":{"line":37,"column":24},"end":{"line":37,"column":99}},"type":"cond-expr","locations":[{"start":{"line":37,"column":35},"end":{"line":37,"column":61}},{"start":{"line":37,"column":64},"end":{"line":37,"column":99}}]},"4":{"loc":{"start":{"line":38,"column":24},"end":{"line":38,"column":112}},"type":"cond-expr","locations":[{"start":{"line":38,"column":59},"end":{"line":38,"column":78}},{"start":{"line":38,"column":81},"end":{"line":38,"column":112}}]},"5":{"loc":{"start":{"line":43,"column":21},"end":{"line":44,"column":119}},"type":"binary-expr","locations":[{"start":{"line":43,"column":21},"end":{"line":43,"column":33}},{"start":{"line":43,"column":37},"end":{"line":43,"column":52}},{"start":{"line":44,"column":12},"end":{"line":44,"column":119}}]},"6":{"loc":{"start":{"line":45,"column":23},"end":{"line":46,"column":120}},"type":"binary-expr","locations":[{"start":{"line":45,"column":23},"end":{"line":45,"column":35}},{"start":{"line":45,"column":39},"end":{"line":45,"column":54}},{"start":{"line":46,"column":12},"end":{"line":46,"column":120}}]},"7":{"loc":{"start":{"line":54,"column":20},"end":{"line":59,"column":22}},"type":"binary-expr","locations":[{"start":{"line":54,"column":20},"end":{"line":54,"column":35}},{"start":{"line":54,"column":39},"end":{"line":59,"column":22}}]},"8":{"loc":{"start":{"line":76,"column":20},"end":{"line":78,"column":21}},"type":"if","locations":[{"start":{"line":76,"column":20},"end":{"line":78,"column":21}},{"start":{"line":76,"column":20},"end":{"line":78,"column":21}}]},"9":{"loc":{"start":{"line":81,"column":28},"end":{"line":81,"column":68}},"type":"binary-expr","locations":[{"start":{"line":81,"column":28},"end":{"line":81,"column":36}},{"start":{"line":81,"column":40},"end":{"line":81,"column":68}}]},"10":{"loc":{"start":{"line":82,"column":28},"end":{"line":82,"column":66}},"type":"binary-expr","locations":[{"start":{"line":82,"column":28},"end":{"line":82,"column":34}},{"start":{"line":82,"column":38},"end":{"line":82,"column":66}}]},"11":{"loc":{"start":{"line":82,"column":45},"end":{"line":82,"column":65}},"type":"cond-expr","locations":[{"start":{"line":82,"column":60},"end":{"line":82,"column":61}},{"start":{"line":82,"column":64},"end":{"line":82,"column":65}}]},"12":{"loc":{"start":{"line":85,"column":28},"end":{"line":91,"column":29}},"type":"if","locations":[{"start":{"line":85,"column":28},"end":{"line":91,"column":29}},{"start":{"line":85,"column":28},"end":{"line":91,"column":29}}]},"13":{"loc":{"start":{"line":87,"column":35},"end":{"line":91,"column":29}},"type":"if","locations":[{"start":{"line":87,"column":35},"end":{"line":91,"column":29}},{"start":{"line":87,"column":35},"end":{"line":91,"column":29}}]},"14":{"loc":{"start":{"line":95,"column":28},"end":{"line":95,"column":68}},"type":"binary-expr","locations":[{"start":{"line":95,"column":28},"end":{"line":95,"column":36}},{"start":{"line":95,"column":40},"end":{"line":95,"column":68}}]},"15":{"loc":{"start":{"line":96,"column":28},"end":{"line":96,"column":47}},"type":"binary-expr","locations":[{"start":{"line":96,"column":28},"end":{"line":96,"column":34}},{"start":{"line":96,"column":38},"end":{"line":96,"column":47}}]},"16":{"loc":{"start":{"line":98,"column":28},"end":{"line":102,"column":29}},"type":"if","locations":[{"start":{"line":98,"column":28},"end":{"line":102,"column":29}},{"start":{"line":98,"column":28},"end":{"line":102,"column":29}}]},"17":{"loc":{"start":{"line":115,"column":21},"end":{"line":115,"column":41}},"type":"binary-expr","locations":[{"start":{"line":115,"column":21},"end":{"line":115,"column":35}},{"start":{"line":115,"column":39},"end":{"line":115,"column":41}}]},"18":{"loc":{"start":{"line":117,"column":17},"end":{"line":118,"column":114}},"type":"binary-expr","locations":[{"start":{"line":117,"column":17},"end":{"line":117,"column":28}},{"start":{"line":117,"column":32},"end":{"line":117,"column":47}},{"start":{"line":118,"column":8},"end":{"line":118,"column":114}}]},"19":{"loc":{"start":{"line":119,"column":19},"end":{"line":120,"column":115}},"type":"binary-expr","locations":[{"start":{"line":119,"column":19},"end":{"line":119,"column":30}},{"start":{"line":119,"column":34},"end":{"line":119,"column":49}},{"start":{"line":120,"column":8},"end":{"line":120,"column":115}}]},"20":{"loc":{"start":{"line":121,"column":24},"end":{"line":122,"column":128}},"type":"binary-expr","locations":[{"start":{"line":121,"column":24},"end":{"line":121,"column":35}},{"start":{"line":121,"column":39},"end":{"line":121,"column":54}},{"start":{"line":122,"column":8},"end":{"line":122,"column":128}}]},"21":{"loc":{"start":{"line":123,"column":22},"end":{"line":124,"column":124}},"type":"binary-expr","locations":[{"start":{"line":123,"column":22},"end":{"line":123,"column":33}},{"start":{"line":123,"column":37},"end":{"line":123,"column":52}},{"start":{"line":124,"column":8},"end":{"line":124,"column":124}}]},"22":{"loc":{"start":{"line":125,"column":23},"end":{"line":126,"column":126}},"type":"binary-expr","locations":[{"start":{"line":125,"column":23},"end":{"line":125,"column":34}},{"start":{"line":125,"column":38},"end":{"line":125,"column":53}},{"start":{"line":126,"column":8},"end":{"line":126,"column":126}}]},"23":{"loc":{"start":{"line":127,"column":14},"end":{"line":128,"column":124}},"type":"binary-expr","locations":[{"start":{"line":127,"column":14},"end":{"line":127,"column":25}},{"start":{"line":127,"column":29},"end":{"line":127,"column":44}},{"start":{"line":128,"column":8},"end":{"line":128,"column":124}}]},"24":{"loc":{"start":{"line":129,"column":24},"end":{"line":130,"column":126}},"type":"binary-expr","locations":[{"start":{"line":129,"column":24},"end":{"line":129,"column":35}},{"start":{"line":129,"column":39},"end":{"line":129,"column":54}},{"start":{"line":130,"column":8},"end":{"line":130,"column":126}}]},"25":{"loc":{"start":{"line":131,"column":23},"end":{"line":132,"column":124}},"type":"binary-expr","locations":[{"start":{"line":131,"column":23},"end":{"line":131,"column":34}},{"start":{"line":131,"column":38},"end":{"line":131,"column":53}},{"start":{"line":132,"column":8},"end":{"line":132,"column":124}}]},"26":{"loc":{"start":{"line":135,"column":16},"end":{"line":135,"column":66}},"type":"binary-expr","locations":[{"start":{"line":135,"column":16},"end":{"line":135,"column":25}},{"start":{"line":135,"column":30},"end":{"line":135,"column":65}}]},"27":{"loc":{"start":{"line":138,"column":17},"end":{"line":138,"column":39}},"type":"binary-expr","locations":[{"start":{"line":138,"column":17},"end":{"line":138,"column":25}},{"start":{"line":138,"column":29},"end":{"line":138,"column":39}}]},"28":{"loc":{"start":{"line":139,"column":62},"end":{"line":139,"column":141}},"type":"cond-expr","locations":[{"start":{"line":139,"column":100},"end":{"line":139,"column":127}},{"start":{"line":139,"column":130},"end":{"line":139,"column":141}}]},"29":{"loc":{"start":{"line":140,"column":16},"end":{"line":140,"column":56}},"type":"binary-expr","locations":[{"start":{"line":140,"column":16},"end":{"line":140,"column":27}},{"start":{"line":140,"column":31},"end":{"line":140,"column":56}}]},"30":{"loc":{"start":{"line":141,"column":20},"end":{"line":141,"column":66}},"type":"binary-expr","locations":[{"start":{"line":141,"column":20},"end":{"line":141,"column":35}},{"start":{"line":141,"column":39},"end":{"line":141,"column":56}},{"start":{"line":141,"column":60},"end":{"line":141,"column":66}}]},"31":{"loc":{"start":{"line":142,"column":25},"end":{"line":142,"column":85}},"type":"binary-expr","locations":[{"start":{"line":142,"column":25},"end":{"line":142,"column":41}},{"start":{"line":142,"column":45},"end":{"line":142,"column":63}},{"start":{"line":142,"column":67},"end":{"line":142,"column":85}}]},"32":{"loc":{"start":{"line":143,"column":25},"end":{"line":143,"column":69}},"type":"binary-expr","locations":[{"start":{"line":143,"column":25},"end":{"line":143,"column":41}},{"start":{"line":143,"column":45},"end":{"line":143,"column":63}},{"start":{"line":143,"column":67},"end":{"line":143,"column":69}}]},"33":{"loc":{"start":{"line":144,"column":25},"end":{"line":144,"column":68}},"type":"binary-expr","locations":[{"start":{"line":144,"column":25},"end":{"line":144,"column":41}},{"start":{"line":144,"column":45},"end":{"line":144,"column":63}},{"start":{"line":144,"column":67},"end":{"line":144,"column":68}}]},"34":{"loc":{"start":{"line":145,"column":21},"end":{"line":145,"column":60}},"type":"binary-expr","locations":[{"start":{"line":145,"column":21},"end":{"line":145,"column":33}},{"start":{"line":145,"column":37},"end":{"line":145,"column":51}},{"start":{"line":145,"column":55},"end":{"line":145,"column":60}}]},"35":{"loc":{"start":{"line":146,"column":21},"end":{"line":146,"column":57}},"type":"binary-expr","locations":[{"start":{"line":146,"column":21},"end":{"line":146,"column":33}},{"start":{"line":146,"column":37},"end":{"line":146,"column":51}},{"start":{"line":146,"column":55},"end":{"line":146,"column":57}}]},"36":{"loc":{"start":{"line":148,"column":16},"end":{"line":150,"column":17}},"type":"if","locations":[{"start":{"line":148,"column":16},"end":{"line":150,"column":17}},{"start":{"line":148,"column":16},"end":{"line":150,"column":17}}]},"37":{"loc":{"start":{"line":151,"column":16},"end":{"line":164,"column":17}},"type":"if","locations":[{"start":{"line":151,"column":16},"end":{"line":164,"column":17}},{"start":{"line":151,"column":16},"end":{"line":164,"column":17}}]},"38":{"loc":{"start":{"line":152,"column":33},"end":{"line":152,"column":157}},"type":"binary-expr","locations":[{"start":{"line":152,"column":33},"end":{"line":152,"column":50}},{"start":{"line":152,"column":54},"end":{"line":152,"column":70}},{"start":{"line":152,"column":74},"end":{"line":152,"column":104}},{"start":{"line":152,"column":108},"end":{"line":152,"column":157}}]},"39":{"loc":{"start":{"line":153,"column":20},"end":{"line":155,"column":21}},"type":"if","locations":[{"start":{"line":153,"column":20},"end":{"line":155,"column":21}},{"start":{"line":153,"column":20},"end":{"line":155,"column":21}}]},"40":{"loc":{"start":{"line":156,"column":33},"end":{"line":156,"column":74}},"type":"cond-expr","locations":[{"start":{"line":156,"column":44},"end":{"line":156,"column":69}},{"start":{"line":156,"column":72},"end":{"line":156,"column":74}}]},"41":{"loc":{"start":{"line":157,"column":20},"end":{"line":161,"column":21}},"type":"if","locations":[{"start":{"line":157,"column":20},"end":{"line":161,"column":21}},{"start":{"line":157,"column":20},"end":{"line":161,"column":21}}]},"42":{"loc":{"start":{"line":165,"column":24},"end":{"line":165,"column":53}},"type":"binary-expr","locations":[{"start":{"line":165,"column":24},"end":{"line":165,"column":29}},{"start":{"line":165,"column":33},"end":{"line":165,"column":43}},{"start":{"line":165,"column":47},"end":{"line":165,"column":53}}]},"43":{"loc":{"start":{"line":170,"column":16},"end":{"line":170,"column":55}},"type":"cond-expr","locations":[{"start":{"line":170,"column":24},"end":{"line":170,"column":37}},{"start":{"line":170,"column":40},"end":{"line":170,"column":55}}]},"44":{"loc":{"start":{"line":173,"column":12},"end":{"line":173,"column":52}},"type":"binary-expr","locations":[{"start":{"line":173,"column":12},"end":{"line":173,"column":20}},{"start":{"line":173,"column":24},"end":{"line":173,"column":52}}]},"45":{"loc":{"start":{"line":174,"column":12},"end":{"line":174,"column":43}},"type":"binary-expr","locations":[{"start":{"line":174,"column":12},"end":{"line":174,"column":18}},{"start":{"line":174,"column":22},"end":{"line":174,"column":43}}]},"46":{"loc":{"start":{"line":174,"column":29},"end":{"line":174,"column":42}},"type":"cond-expr","locations":[{"start":{"line":174,"column":37},"end":{"line":174,"column":38}},{"start":{"line":174,"column":41},"end":{"line":174,"column":42}}]},"47":{"loc":{"start":{"line":175,"column":12},"end":{"line":175,"column":64}},"type":"binary-expr","locations":[{"start":{"line":175,"column":12},"end":{"line":175,"column":25}},{"start":{"line":175,"column":29},"end":{"line":175,"column":64}}]},"48":{"loc":{"start":{"line":176,"column":12},"end":{"line":176,"column":58}},"type":"binary-expr","locations":[{"start":{"line":176,"column":12},"end":{"line":176,"column":23}},{"start":{"line":176,"column":27},"end":{"line":176,"column":58}}]},"49":{"loc":{"start":{"line":177,"column":12},"end":{"line":177,"column":48}},"type":"binary-expr","locations":[{"start":{"line":177,"column":12},"end":{"line":177,"column":24}},{"start":{"line":177,"column":28},"end":{"line":177,"column":48}}]},"50":{"loc":{"start":{"line":178,"column":12},"end":{"line":178,"column":34}},"type":"binary-expr","locations":[{"start":{"line":178,"column":12},"end":{"line":178,"column":15}},{"start":{"line":178,"column":19},"end":{"line":178,"column":34}}]},"51":{"loc":{"start":{"line":179,"column":12},"end":{"line":179,"column":64}},"type":"binary-expr","locations":[{"start":{"line":179,"column":12},"end":{"line":179,"column":25}},{"start":{"line":179,"column":29},"end":{"line":179,"column":64}}]},"52":{"loc":{"start":{"line":180,"column":12},"end":{"line":180,"column":61}},"type":"binary-expr","locations":[{"start":{"line":180,"column":12},"end":{"line":180,"column":24}},{"start":{"line":180,"column":28},"end":{"line":180,"column":61}}]},"53":{"loc":{"start":{"line":184,"column":12},"end":{"line":191,"column":13}},"type":"if","locations":[{"start":{"line":184,"column":12},"end":{"line":191,"column":13}},{"start":{"line":184,"column":12},"end":{"line":191,"column":13}}]},"54":{"loc":{"start":{"line":187,"column":36},"end":{"line":188,"column":149}},"type":"binary-expr","locations":[{"start":{"line":187,"column":36},"end":{"line":187,"column":47}},{"start":{"line":187,"column":51},"end":{"line":187,"column":66}},{"start":{"line":188,"column":24},"end":{"line":188,"column":149}}]},"55":{"loc":{"start":{"line":192,"column":12},"end":{"line":192,"column":61}},"type":"binary-expr","locations":[{"start":{"line":192,"column":12},"end":{"line":192,"column":27}},{"start":{"line":192,"column":31},"end":{"line":192,"column":61}}]},"56":{"loc":{"start":{"line":193,"column":12},"end":{"line":199,"column":13}},"type":"if","locations":[{"start":{"line":193,"column":12},"end":{"line":199,"column":13}},{"start":{"line":193,"column":12},"end":{"line":199,"column":13}}]},"57":{"loc":{"start":{"line":197,"column":20},"end":{"line":197,"column":68}},"type":"binary-expr","locations":[{"start":{"line":197,"column":20},"end":{"line":197,"column":23}},{"start":{"line":197,"column":27},"end":{"line":197,"column":42}},{"start":{"line":197,"column":46},"end":{"line":197,"column":68}}]},"58":{"loc":{"start":{"line":207,"column":4},"end":{"line":217,"column":5}},"type":"if","locations":[{"start":{"line":207,"column":4},"end":{"line":217,"column":5}},{"start":{"line":207,"column":4},"end":{"line":217,"column":5}}]},"59":{"loc":{"start":{"line":208,"column":8},"end":{"line":216,"column":9}},"type":"if","locations":[{"start":{"line":208,"column":8},"end":{"line":216,"column":9}},{"start":{"line":208,"column":8},"end":{"line":216,"column":9}}]},"60":{"loc":{"start":{"line":210,"column":12},"end":{"line":212,"column":13}},"type":"if","locations":[{"start":{"line":210,"column":12},"end":{"line":212,"column":13}},{"start":{"line":210,"column":12},"end":{"line":212,"column":13}}]},"61":{"loc":{"start":{"line":221,"column":4},"end":{"line":233,"column":5}},"type":"if","locations":[{"start":{"line":221,"column":4},"end":{"line":233,"column":5}},{"start":{"line":221,"column":4},"end":{"line":233,"column":5}}]},"62":{"loc":{"start":{"line":221,"column":8},"end":{"line":221,"column":52}},"type":"binary-expr","locations":[{"start":{"line":221,"column":8},"end":{"line":221,"column":19}},{"start":{"line":221,"column":23},"end":{"line":221,"column":52}}]},"63":{"loc":{"start":{"line":238,"column":13},"end":{"line":238,"column":47}},"type":"binary-expr","locations":[{"start":{"line":238,"column":13},"end":{"line":238,"column":29}},{"start":{"line":238,"column":33},"end":{"line":238,"column":47}}]},"64":{"loc":{"start":{"line":239,"column":13},"end":{"line":239,"column":39}},"type":"binary-expr","locations":[{"start":{"line":239,"column":13},"end":{"line":239,"column":29}},{"start":{"line":239,"column":33},"end":{"line":239,"column":39}}]},"65":{"loc":{"start":{"line":240,"column":16},"end":{"line":240,"column":46}},"type":"binary-expr","locations":[{"start":{"line":240,"column":16},"end":{"line":240,"column":35}},{"start":{"line":240,"column":39},"end":{"line":240,"column":46}}]},"66":{"loc":{"start":{"line":242,"column":13},"end":{"line":248,"column":5}},"type":"binary-expr","locations":[{"start":{"line":242,"column":13},"end":{"line":242,"column":26}},{"start":{"line":242,"column":30},"end":{"line":248,"column":5}}]},"67":{"loc":{"start":{"line":245,"column":13},"end":{"line":245,"column":48}},"type":"binary-expr","locations":[{"start":{"line":245,"column":13},"end":{"line":245,"column":29}},{"start":{"line":245,"column":33},"end":{"line":245,"column":48}}]},"68":{"loc":{"start":{"line":246,"column":13},"end":{"line":246,"column":39}},"type":"binary-expr","locations":[{"start":{"line":246,"column":13},"end":{"line":246,"column":29}},{"start":{"line":246,"column":33},"end":{"line":246,"column":39}}]},"69":{"loc":{"start":{"line":247,"column":16},"end":{"line":247,"column":46}},"type":"binary-expr","locations":[{"start":{"line":247,"column":16},"end":{"line":247,"column":35}},{"start":{"line":247,"column":39},"end":{"line":247,"column":46}}]},"70":{"loc":{"start":{"line":254,"column":12},"end":{"line":254,"column":88}},"type":"binary-expr","locations":[{"start":{"line":254,"column":12},"end":{"line":254,"column":19}},{"start":{"line":254,"column":23},"end":{"line":254,"column":28}},{"start":{"line":254,"column":33},"end":{"line":254,"column":55}},{"start":{"line":254,"column":61},"end":{"line":254,"column":87}}]},"71":{"loc":{"start":{"line":255,"column":25},"end":{"line":256,"column":92}},"type":"cond-expr","locations":[{"start":{"line":255,"column":34},"end":{"line":255,"column":40}},{"start":{"line":255,"column":43},"end":{"line":256,"column":92}}]},"72":{"loc":{"start":{"line":261,"column":4},"end":{"line":271,"column":6}},"type":"binary-expr","locations":[{"start":{"line":261,"column":4},"end":{"line":261,"column":10}},{"start":{"line":261,"column":14},"end":{"line":271,"column":6}}]},"73":{"loc":{"start":{"line":264,"column":28},"end":{"line":264,"column":68}},"type":"binary-expr","locations":[{"start":{"line":264,"column":28},"end":{"line":264,"column":34}},{"start":{"line":264,"column":38},"end":{"line":264,"column":68}}]},"74":{"loc":{"start":{"line":266,"column":20},"end":{"line":266,"column":85}},"type":"binary-expr","locations":[{"start":{"line":266,"column":20},"end":{"line":266,"column":25}},{"start":{"line":266,"column":30},"end":{"line":266,"column":52}},{"start":{"line":266,"column":58},"end":{"line":266,"column":84}}]},"75":{"loc":{"start":{"line":292,"column":8},"end":{"line":298,"column":10}},"type":"binary-expr","locations":[{"start":{"line":292,"column":8},"end":{"line":292,"column":34}},{"start":{"line":292,"column":38},"end":{"line":298,"column":10}}]},"76":{"loc":{"start":{"line":299,"column":8},"end":{"line":299,"column":90}},"type":"binary-expr","locations":[{"start":{"line":299,"column":8},"end":{"line":299,"column":14}},{"start":{"line":299,"column":18},"end":{"line":299,"column":90}}]},"77":{"loc":{"start":{"line":306,"column":11},"end":{"line":306,"column":38}},"type":"cond-expr","locations":[{"start":{"line":306,"column":19},"end":{"line":306,"column":26}},{"start":{"line":306,"column":29},"end":{"line":306,"column":38}}]}},"s":{"0":1,"1":1,"2":1,"3":0,"4":0,"5":0,"6":0,"7":0,"8":0,"9":0,"10":0,"11":0,"12":0,"13":0,"14":0,"15":0,"16":0,"17":0,"18":0,"19":0,"20":0,"21":0,"22":0,"23":0,"24":0,"25":0,"26":0,"27":0,"28":0,"29":0,"30":0,"31":0,"32":0,"33":0,"34":0,"35":0,"36":0,"37":0,"38":0,"39":0,"40":0,"41":0,"42":0,"43":0,"44":0,"45":0,"46":0,"47":0,"48":0,"49":0,"50":0,"51":0,"52":0,"53":0,"54":0,"55":0,"56":0,"57":0,"58":0,"59":0,"60":0,"61":0,"62":0,"63":0,"64":0,"65":0,"66":0,"67":0,"68":0,"69":0,"70":0,"71":0,"72":0,"73":0,"74":0,"75":0,"76":0,"77":0,"78":0,"79":0,"80":0,"81":0,"82":0,"83":0,"84":0,"85":0,"86":0,"87":0,"88":0,"89":0,"90":0,"91":0,"92":0,"93":0,"94":0,"95":0,"96":0,"97":0,"98":0,"99":0,"100":0,"101":0,"102":0,"103":0,"104":0,"105":0,"106":0,"107":0,"108":0,"109":1,"110":0,"111":0,"112":0,"113":0,"114":0,"115":0,"116":0,"117":0,"118":0,"119":0,"120":0,"121":0,"122":0,"123":0,"124":0,"125":0,"126":0,"127":0,"128":0,"129":0,"130":0,"131":0,"132":0,"133":0,"134":0,"135":0,"136":0,"137":0,"138":0,"139":0,"140":0,"141":0,"142":0,"143":0,"144":0,"145":0,"146":0,"147":0,"148":0,"149":0,"150":0,"151":0,"152":0,"153":0,"154":0,"155":0,"156":0,"157":0,"158":0,"159":0,"160":0,"161":0,"162":0,"163":0,"164":0,"165":0,"166":0,"167":0,"168":0,"169":0,"170":0,"171":0},"f":{"0":0,"1":0,"2":0,"3":0,"4":0,"5":0,"6":0,"7":0,"8":0,"9":0,"10":0,"11":0,"12":0,"13":0,"14":0,"15":0,"16":0,"17":0,"18":0,"19":0,"20":0,"21":0,"22":0,"23":0,"24":0,"25":0,"26":0,"27":0,"28":0,"29":0,"30":0,"31":0,"32":0,"33":0,"34":0,"35":0,"36":0,"37":0,"38":0,"39":0,"40":0,"41":0,"42":0,"43":0,"44":0,"45":0,"46":0,"47":0,"48":0,"49":0,"50":0,"51":0,"52":0,"53":0,"54":0,"55":0,"56":0,"57":0,"58":0,"59":0},"b":{"0":[0,0],"1":[0,0],"2":[0,0],"3":[0,0],"4":[0,0],"5":[0,0,0],"6":[0,0,0],"7":[0,0],"8":[0,0],"9":[0,0],"10":[0,0],"11":[0,0],"12":[0,0],"13":[0,0],"14":[0,0],"15":[0,0],"16":[0,0],"17":[0,0],"18":[0,0,0],"19":[0,0,0],"20":[0,0,0],"21":[0,0,0],"22":[0,0,0],"23":[0,0,0],"24":[0,0,0],"25":[0,0,0],"26":[0,0],"27":[0,0],"28":[0,0],"29":[0,0],"30":[0,0,0],"31":[0,0,0],"32":[0,0,0],"33":[0,0,0],"34":[0,0,0],"35":[0,0,0],"36":[0,0],"37":[0,0],"38":[0,0,0,0],"39":[0,0],"40":[0,0],"41":[0,0],"42":[0,0,0],"43":[0,0],"44":[0,0],"45":[0,0],"46":[0,0],"47":[0,0],"48":[0,0],"49":[0,0],"50":[0,0],"51":[0,0],"52":[0,0],"53":[0,0],"54":[0,0,0],"55":[0,0],"56":[0,0],"57":[0,0,0],"58":[0,0],"59":[0,0],"60":[0,0],"61":[0,0],"62":[0,0],"63":[0,0],"64":[0,0],"65":[0,0],"66":[0,0],"67":[0,0],"68":[0,0],"69":[0,0],"70":[0,0,0,0],"71":[0,0],"72":[0,0],"73":[0,0],"74":[0,0,0],"75":[0,0],"76":[0,0],"77":[0,0]},"_coverageSchema":"332fd63041d2c1bcb487cc26dd0d5f7d97098a6c","hash":"00d8487d914fb54526ec5458002ed8f08a28bbf4","contentHash":"6c1ab2a9b5e47ece1069eb78211b77fd_10.1.2"},"/home/jenkins/workspace/ut-card_post-commit/node_modules/ut-run/index.js":{"path":"/home/jenkins/workspace/ut-card_post-commit/node_modules/ut-run/index.js","statementMap":{"0":{"start":{"line":3,"column":11},"end":{"line":3,"column":26}},"1":{"start":{"line":4,"column":12},"end":{"line":4,"column":35}},"2":{"start":{"line":5,"column":20},"end":{"line":5,"column":27}},"3":{"start":{"line":6,"column":10},"end":{"line":6,"column":28}},"4":{"start":{"line":7,"column":9},"end":{"line":7,"column":22}},"5":{"start":{"line":9,"column":0},"end":{"line":200,"column":2}},"6":{"start":{"line":16,"column":8},"end":{"line":16,"column":40}},"7":{"start":{"line":17,"column":8},"end":{"line":21,"column":9}},"8":{"start":{"line":18,"column":12},"end":{"line":20,"column":15}},"9":{"start":{"line":25,"column":8},"end":{"line":27,"column":9}},"10":{"start":{"line":26,"column":12},"end":{"line":26,"column":53}},"11":{"start":{"line":29,"column":8},"end":{"line":36,"column":9}},"12":{"start":{"line":30,"column":12},"end":{"line":35,"column":58}},"13":{"start":{"line":31,"column":16},"end":{"line":31,"column":75}},"14":{"start":{"line":32,"column":16},"end":{"line":32,"column":74}},"15":{"start":{"line":33,"column":16},"end":{"line":33,"column":86}},"16":{"start":{"line":34,"column":16},"end":{"line":34,"column":28}},"17":{"start":{"line":37,"column":8},"end":{"line":37,"column":30}},"18":{"start":{"line":38,"column":20},"end":{"line":38,"column":22}},"19":{"start":{"line":39,"column":8},"end":{"line":50,"column":9}},"20":{"start":{"line":40,"column":12},"end":{"line":49,"column":15}},"21":{"start":{"line":51,"column":8},"end":{"line":53,"column":9}},"22":{"start":{"line":52,"column":12},"end":{"line":52,"column":58}},"23":{"start":{"line":54,"column":27},"end":{"line":54,"column":29}},"24":{"start":{"line":55,"column":8},"end":{"line":55,"column":33}},"25":{"start":{"line":57,"column":8},"end":{"line":64,"column":9}},"26":{"start":{"line":58,"column":12},"end":{"line":63,"column":26}},"27":{"start":{"line":59,"column":29},"end":{"line":59,"column":63}},"28":{"start":{"line":60,"column":16},"end":{"line":60,"column":77}},"29":{"start":{"line":61,"column":16},"end":{"line":61,"column":40}},"30":{"start":{"line":62,"column":16},"end":{"line":62,"column":59}},"31":{"start":{"line":66,"column":8},"end":{"line":79,"column":9}},"32":{"start":{"line":67,"column":12},"end":{"line":78,"column":15}},"33":{"start":{"line":68,"column":39},"end":{"line":68,"column":63}},"34":{"start":{"line":69,"column":33},"end":{"line":69,"column":106}},"35":{"start":{"line":70,"column":29},"end":{"line":70,"column":63}},"36":{"start":{"line":71,"column":34},"end":{"line":71,"column":75}},"37":{"start":{"line":72,"column":16},"end":{"line":77,"column":19}},"38":{"start":{"line":73,"column":20},"end":{"line":76,"column":23}},"39":{"start":{"line":81,"column":8},"end":{"line":107,"column":11}},"40":{"start":{"line":83,"column":16},"end":{"line":83,"column":101}},"41":{"start":{"line":84,"column":16},"end":{"line":84,"column":27}},"42":{"start":{"line":87,"column":12},"end":{"line":106,"column":15}},"43":{"start":{"line":88,"column":16},"end":{"line":88,"column":43}},"44":{"start":{"line":89,"column":16},"end":{"line":89,"column":39}},"45":{"start":{"line":92,"column":16},"end":{"line":99,"column":42}},"46":{"start":{"line":94,"column":24},"end":{"line":96,"column":25}},"47":{"start":{"line":95,"column":28},"end":{"line":95,"column":71}},"48":{"start":{"line":95,"column":57},"end":{"line":95,"column":69}},"49":{"start":{"line":97,"column":24},"end":{"line":97,"column":39}},"50":{"start":{"line":99,"column":32},"end":{"line":99,"column":40}},"51":{"start":{"line":102,"column":16},"end":{"line":105,"column":49}},"52":{"start":{"line":103,"column":20},"end":{"line":103,"column":95}},"53":{"start":{"line":103,"column":52},"end":{"line":103,"column":75}},"54":{"start":{"line":103,"column":89},"end":{"line":103,"column":93}},"55":{"start":{"line":105,"column":28},"end":{"line":105,"column":47}},"56":{"start":{"line":111,"column":8},"end":{"line":116,"column":9}},"57":{"start":{"line":112,"column":12},"end":{"line":113,"column":59}},"58":{"start":{"line":112,"column":42},"end":{"line":112,"column":75}},"59":{"start":{"line":113,"column":32},"end":{"line":113,"column":57}},"60":{"start":{"line":115,"column":12},"end":{"line":115,"column":53}},"61":{"start":{"line":121,"column":8},"end":{"line":129,"column":9}},"62":{"start":{"line":122,"column":12},"end":{"line":122,"column":37}},"63":{"start":{"line":124,"column":12},"end":{"line":128,"column":13}},"64":{"start":{"line":125,"column":16},"end":{"line":125,"column":131}},"65":{"start":{"line":127,"column":16},"end":{"line":127,"column":63}},"66":{"start":{"line":130,"column":19},"end":{"line":130,"column":29}},"67":{"start":{"line":131,"column":8},"end":{"line":131,"column":28}},"68":{"start":{"line":132,"column":8},"end":{"line":132,"column":42}},"69":{"start":{"line":133,"column":8},"end":{"line":133,"column":35}},"70":{"start":{"line":134,"column":8},"end":{"line":136,"column":11}},"71":{"start":{"line":135,"column":12},"end":{"line":135,"column":24}},"72":{"start":{"line":140,"column":8},"end":{"line":140,"column":30}},"73":{"start":{"line":141,"column":8},"end":{"line":141,"column":41}},"74":{"start":{"line":142,"column":8},"end":{"line":187,"column":9}},"75":{"start":{"line":143,"column":12},"end":{"line":143,"column":72}},"76":{"start":{"line":145,"column":25},"end":{"line":145,"column":38}},"77":{"start":{"line":146,"column":12},"end":{"line":168,"column":13}},"78":{"start":{"line":147,"column":16},"end":{"line":147,"column":97}},"79":{"start":{"line":148,"column":27},"end":{"line":148,"column":69}},"80":{"start":{"line":149,"column":30},"end":{"line":149,"column":71}},"81":{"start":{"line":150,"column":16},"end":{"line":155,"column":17}},"82":{"start":{"line":151,"column":20},"end":{"line":151,"column":45}},"83":{"start":{"line":152,"column":20},"end":{"line":152,"column":37}},"84":{"start":{"line":153,"column":23},"end":{"line":155,"column":17}},"85":{"start":{"line":154,"column":20},"end":{"line":154,"column":45}},"86":{"start":{"line":156,"column":16},"end":{"line":156,"column":94}},"87":{"start":{"line":157,"column":16},"end":{"line":157,"column":102}},"88":{"start":{"line":158,"column":16},"end":{"line":158,"column":91}},"89":{"start":{"line":159,"column":16},"end":{"line":159,"column":106}},"90":{"start":{"line":161,"column":16},"end":{"line":167,"column":23}},"91":{"start":{"line":169,"column":23},"end":{"line":169,"column":78}},"92":{"start":{"line":171,"column":12},"end":{"line":171,"column":151}},"93":{"start":{"line":173,"column":12},"end":{"line":185,"column":13}},"94":{"start":{"line":174,"column":30},"end":{"line":174,"column":54}},"95":{"start":{"line":175,"column":16},"end":{"line":184,"column":17}},"96":{"start":{"line":176,"column":38},"end":{"line":176,"column":91}},"97":{"start":{"line":177,"column":20},"end":{"line":179,"column":21}},"98":{"start":{"line":178,"column":24},"end":{"line":178,"column":39}},"99":{"start":{"line":180,"column":20},"end":{"line":180,"column":32}},"100":{"start":{"line":182,"column":20},"end":{"line":182,"column":100}},"101":{"start":{"line":183,"column":20},"end":{"line":183,"column":125}},"102":{"start":{"line":186,"column":12},"end":{"line":186,"column":76}},"103":{"start":{"line":190,"column":8},"end":{"line":198,"column":11}},"104":{"start":{"line":192,"column":12},"end":{"line":192,"column":50}},"105":{"start":{"line":193,"column":12},"end":{"line":193,"column":26}},"106":{"start":{"line":196,"column":12},"end":{"line":196,"column":31}},"107":{"start":{"line":197,"column":12},"end":{"line":197,"column":28}}},"fnMap":{"0":{"name":"(anonymous_0)","decl":{"start":{"line":15,"column":11},"end":{"line":15,"column":12}},"loc":{"start":{"line":15,"column":22},"end":{"line":22,"column":5}}},"1":{"name":"(anonymous_1)","decl":{"start":{"line":24,"column":10},"end":{"line":24,"column":11}},"loc":{"start":{"line":24,"column":43},"end":{"line":108,"column":5}}},"2":{"name":"(anonymous_2)","decl":{"start":{"line":30,"column":51},"end":{"line":30,"column":52}},"loc":{"start":{"line":30,"column":67},"end":{"line":35,"column":13}}},"3":{"name":"(anonymous_3)","decl":{"start":{"line":58,"column":56},"end":{"line":58,"column":57}},"loc":{"start":{"line":58,"column":77},"end":{"line":63,"column":13}}},"4":{"name":"(anonymous_4)","decl":{"start":{"line":67,"column":60},"end":{"line":67,"column":61}},"loc":{"start":{"line":67,"column":84},"end":{"line":78,"column":13}}},"5":{"name":"(anonymous_5)","decl":{"start":{"line":72,"column":59},"end":{"line":72,"column":60}},"loc":{"start":{"line":72,"column":75},"end":{"line":77,"column":17}}},"6":{"name":"(anonymous_6)","decl":{"start":{"line":82,"column":25},"end":{"line":82,"column":26}},"loc":{"start":{"line":82,"column":45},"end":{"line":85,"column":13}}},"7":{"name":"(anonymous_7)","decl":{"start":{"line":86,"column":15},"end":{"line":86,"column":16}},"loc":{"start":{"line":86,"column":34},"end":{"line":107,"column":9}}},"8":{"name":"(anonymous_8)","decl":{"start":{"line":87,"column":41},"end":{"line":87,"column":42}},"loc":{"start":{"line":87,"column":70},"end":{"line":90,"column":13}}},"9":{"name":"(anonymous_9)","decl":{"start":{"line":91,"column":18},"end":{"line":91,"column":19}},"loc":{"start":{"line":91,"column":29},"end":{"line":100,"column":13}}},"10":{"name":"(anonymous_10)","decl":{"start":{"line":93,"column":28},"end":{"line":93,"column":29}},"loc":{"start":{"line":93,"column":52},"end":{"line":98,"column":21}}},"11":{"name":"(anonymous_11)","decl":{"start":{"line":95,"column":51},"end":{"line":95,"column":52}},"loc":{"start":{"line":95,"column":57},"end":{"line":95,"column":69}}},"12":{"name":"(anonymous_12)","decl":{"start":{"line":99,"column":26},"end":{"line":99,"column":27}},"loc":{"start":{"line":99,"column":32},"end":{"line":99,"column":40}}},"13":{"name":"(anonymous_13)","decl":{"start":{"line":101,"column":19},"end":{"line":101,"column":20}},"loc":{"start":{"line":101,"column":33},"end":{"line":106,"column":13}}},"14":{"name":"(anonymous_14)","decl":{"start":{"line":102,"column":59},"end":{"line":102,"column":60}},"loc":{"start":{"line":102,"column":88},"end":{"line":104,"column":17}}},"15":{"name":"(anonymous_15)","decl":{"start":{"line":103,"column":39},"end":{"line":103,"column":40}},"loc":{"start":{"line":103,"column":52},"end":{"line":103,"column":75}}},"16":{"name":"(anonymous_16)","decl":{"start":{"line":103,"column":83},"end":{"line":103,"column":84}},"loc":{"start":{"line":103,"column":89},"end":{"line":103,"column":93}}},"17":{"name":"(anonymous_17)","decl":{"start":{"line":105,"column":22},"end":{"line":105,"column":23}},"loc":{"start":{"line":105,"column":28},"end":{"line":105,"column":47}}},"18":{"name":"(anonymous_18)","decl":{"start":{"line":110,"column":14},"end":{"line":110,"column":15}},"loc":{"start":{"line":110,"column":47},"end":{"line":117,"column":5}}},"19":{"name":"(anonymous_19)","decl":{"start":{"line":112,"column":31},"end":{"line":112,"column":32}},"loc":{"start":{"line":112,"column":42},"end":{"line":112,"column":75}}},"20":{"name":"(anonymous_20)","decl":{"start":{"line":113,"column":22},"end":{"line":113,"column":23}},"loc":{"start":{"line":113,"column":32},"end":{"line":113,"column":57}}},"21":{"name":"(anonymous_21)","decl":{"start":{"line":119,"column":16},"end":{"line":119,"column":17}},"loc":{"start":{"line":119,"column":33},"end":{"line":137,"column":5}}},"22":{"name":"(anonymous_22)","decl":{"start":{"line":134,"column":38},"end":{"line":134,"column":39}},"loc":{"start":{"line":134,"column":49},"end":{"line":136,"column":9}}},"23":{"name":"(anonymous_23)","decl":{"start":{"line":139,"column":15},"end":{"line":139,"column":16}},"loc":{"start":{"line":139,"column":40},"end":{"line":188,"column":5}}},"24":{"name":"(anonymous_24)","decl":{"start":{"line":189,"column":9},"end":{"line":189,"column":10}},"loc":{"start":{"line":189,"column":34},"end":{"line":199,"column":5}}},"25":{"name":"(anonymous_25)","decl":{"start":{"line":191,"column":14},"end":{"line":191,"column":15}},"loc":{"start":{"line":191,"column":26},"end":{"line":194,"column":9}}},"26":{"name":"(anonymous_26)","decl":{"start":{"line":195,"column":15},"end":{"line":195,"column":16}},"loc":{"start":{"line":195,"column":24},"end":{"line":198,"column":9}}}},"branchMap":{"0":{"loc":{"start":{"line":16,"column":22},"end":{"line":16,"column":39}},"type":"binary-expr","locations":[{"start":{"line":16,"column":22},"end":{"line":16,"column":33}},{"start":{"line":16,"column":37},"end":{"line":16,"column":39}}]},"1":{"loc":{"start":{"line":17,"column":8},"end":{"line":21,"column":9}},"type":"if","locations":[{"start":{"line":17,"column":8},"end":{"line":21,"column":9}},{"start":{"line":17,"column":8},"end":{"line":21,"column":9}}]},"2":{"loc":{"start":{"line":25,"column":8},"end":{"line":27,"column":9}},"type":"if","locations":[{"start":{"line":25,"column":8},"end":{"line":27,"column":9}},{"start":{"line":25,"column":8},"end":{"line":27,"column":9}}]},"3":{"loc":{"start":{"line":29,"column":8},"end":{"line":36,"column":9}},"type":"if","locations":[{"start":{"line":29,"column":8},"end":{"line":36,"column":9}},{"start":{"line":29,"column":8},"end":{"line":36,"column":9}}]},"4":{"loc":{"start":{"line":31,"column":16},"end":{"line":31,"column":74}},"type":"binary-expr","locations":[{"start":{"line":31,"column":16},"end":{"line":31,"column":26}},{"start":{"line":31,"column":31},"end":{"line":31,"column":73}}]},"5":{"loc":{"start":{"line":32,"column":16},"end":{"line":32,"column":73}},"type":"binary-expr","locations":[{"start":{"line":32,"column":16},"end":{"line":32,"column":28}},{"start":{"line":32,"column":32},"end":{"line":32,"column":73}}]},"6":{"loc":{"start":{"line":33,"column":16},"end":{"line":33,"column":85}},"type":"binary-expr","locations":[{"start":{"line":33,"column":16},"end":{"line":33,"column":32}},{"start":{"line":33,"column":36},"end":{"line":33,"column":85}}]},"7":{"loc":{"start":{"line":37,"column":17},"end":{"line":37,"column":29}},"type":"binary-expr","locations":[{"start":{"line":37,"column":17},"end":{"line":37,"column":23}},{"start":{"line":37,"column":27},"end":{"line":37,"column":29}}]},"8":{"loc":{"start":{"line":39,"column":8},"end":{"line":50,"column":9}},"type":"if","locations":[{"start":{"line":39,"column":8},"end":{"line":50,"column":9}},{"start":{"line":39,"column":8},"end":{"line":50,"column":9}}]},"9":{"loc":{"start":{"line":51,"column":8},"end":{"line":53,"column":9}},"type":"if","locations":[{"start":{"line":51,"column":8},"end":{"line":53,"column":9}},{"start":{"line":51,"column":8},"end":{"line":53,"column":9}}]},"10":{"loc":{"start":{"line":57,"column":8},"end":{"line":64,"column":9}},"type":"if","locations":[{"start":{"line":57,"column":8},"end":{"line":64,"column":9}},{"start":{"line":57,"column":8},"end":{"line":64,"column":9}}]},"11":{"loc":{"start":{"line":60,"column":16},"end":{"line":60,"column":76}},"type":"binary-expr","locations":[{"start":{"line":60,"column":17},"end":{"line":60,"column":48}},{"start":{"line":60,"column":54},"end":{"line":60,"column":75}}]},"12":{"loc":{"start":{"line":66,"column":8},"end":{"line":79,"column":9}},"type":"if","locations":[{"start":{"line":66,"column":8},"end":{"line":79,"column":9}},{"start":{"line":66,"column":8},"end":{"line":79,"column":9}}]},"13":{"loc":{"start":{"line":69,"column":33},"end":{"line":69,"column":106}},"type":"cond-expr","locations":[{"start":{"line":69,"column":63},"end":{"line":69,"column":87}},{"start":{"line":69,"column":90},"end":{"line":69,"column":106}}]},"14":{"loc":{"start":{"line":72,"column":16},"end":{"line":77,"column":18}},"type":"binary-expr","locations":[{"start":{"line":72,"column":16},"end":{"line":72,"column":22}},{"start":{"line":72,"column":26},"end":{"line":77,"column":18}}]},"15":{"loc":{"start":{"line":83,"column":16},"end":{"line":83,"column":100}},"type":"binary-expr","locations":[{"start":{"line":83,"column":16},"end":{"line":83,"column":41}},{"start":{"line":83,"column":45},"end":{"line":83,"column":100}}]},"16":{"loc":{"start":{"line":94,"column":24},"end":{"line":96,"column":25}},"type":"if","locations":[{"start":{"line":94,"column":24},"end":{"line":96,"column":25}},{"start":{"line":94,"column":24},"end":{"line":96,"column":25}}]},"17":{"loc":{"start":{"line":111,"column":8},"end":{"line":116,"column":9}},"type":"if","locations":[{"start":{"line":111,"column":8},"end":{"line":116,"column":9}},{"start":{"line":111,"column":8},"end":{"line":116,"column":9}}]},"18":{"loc":{"start":{"line":121,"column":8},"end":{"line":129,"column":9}},"type":"if","locations":[{"start":{"line":121,"column":8},"end":{"line":129,"column":9}},{"start":{"line":121,"column":8},"end":{"line":129,"column":9}}]},"19":{"loc":{"start":{"line":124,"column":12},"end":{"line":128,"column":13}},"type":"if","locations":[{"start":{"line":124,"column":12},"end":{"line":128,"column":13}},{"start":{"line":124,"column":12},"end":{"line":128,"column":13}}]},"20":{"loc":{"start":{"line":140,"column":17},"end":{"line":140,"column":29}},"type":"binary-expr","locations":[{"start":{"line":140,"column":17},"end":{"line":140,"column":23}},{"start":{"line":140,"column":27},"end":{"line":140,"column":29}}]},"21":{"loc":{"start":{"line":141,"column":17},"end":{"line":141,"column":40}},"type":"binary-expr","locations":[{"start":{"line":141,"column":17},"end":{"line":141,"column":23}},{"start":{"line":141,"column":27},"end":{"line":141,"column":40}}]},"22":{"loc":{"start":{"line":142,"column":8},"end":{"line":187,"column":9}},"type":"if","locations":[{"start":{"line":142,"column":8},"end":{"line":187,"column":9}},{"start":{"line":142,"column":8},"end":{"line":187,"column":9}}]},"23":{"loc":{"start":{"line":146,"column":12},"end":{"line":168,"column":13}},"type":"if","locations":[{"start":{"line":146,"column":12},"end":{"line":168,"column":13}},{"start":{"line":146,"column":12},"end":{"line":168,"column":13}}]},"24":{"loc":{"start":{"line":149,"column":30},"end":{"line":149,"column":71}},"type":"binary-expr","locations":[{"start":{"line":149,"column":30},"end":{"line":149,"column":53}},{"start":{"line":149,"column":57},"end":{"line":149,"column":71}}]},"25":{"loc":{"start":{"line":150,"column":16},"end":{"line":155,"column":17}},"type":"if","locations":[{"start":{"line":150,"column":16},"end":{"line":155,"column":17}},{"start":{"line":150,"column":16},"end":{"line":155,"column":17}}]},"26":{"loc":{"start":{"line":153,"column":23},"end":{"line":155,"column":17}},"type":"if","locations":[{"start":{"line":153,"column":23},"end":{"line":155,"column":17}},{"start":{"line":153,"column":23},"end":{"line":155,"column":17}}]},"27":{"loc":{"start":{"line":156,"column":36},"end":{"line":156,"column":93}},"type":"binary-expr","locations":[{"start":{"line":156,"column":36},"end":{"line":156,"column":54}},{"start":{"line":156,"column":58},"end":{"line":156,"column":68}},{"start":{"line":156,"column":72},"end":{"line":156,"column":81}},{"start":{"line":156,"column":85},"end":{"line":156,"column":93}}]},"28":{"loc":{"start":{"line":157,"column":39},"end":{"line":157,"column":101}},"type":"binary-expr","locations":[{"start":{"line":157,"column":39},"end":{"line":157,"column":60}},{"start":{"line":157,"column":64},"end":{"line":157,"column":77}},{"start":{"line":157,"column":81},"end":{"line":157,"column":90}},{"start":{"line":157,"column":94},"end":{"line":157,"column":101}}]},"29":{"loc":{"start":{"line":158,"column":36},"end":{"line":158,"column":90}},"type":"binary-expr","locations":[{"start":{"line":158,"column":36},"end":{"line":158,"column":54}},{"start":{"line":158,"column":58},"end":{"line":158,"column":68}},{"start":{"line":158,"column":72},"end":{"line":158,"column":81}},{"start":{"line":158,"column":85},"end":{"line":158,"column":90}}]},"30":{"loc":{"start":{"line":169,"column":23},"end":{"line":169,"column":78}},"type":"binary-expr","locations":[{"start":{"line":169,"column":23},"end":{"line":169,"column":34}},{"start":{"line":169,"column":38},"end":{"line":169,"column":78}}]},"31":{"loc":{"start":{"line":171,"column":32},"end":{"line":171,"column":62}},"type":"binary-expr","locations":[{"start":{"line":171,"column":32},"end":{"line":171,"column":53}},{"start":{"line":171,"column":57},"end":{"line":171,"column":62}}]},"32":{"loc":{"start":{"line":171,"column":89},"end":{"line":171,"column":130}},"type":"binary-expr","locations":[{"start":{"line":171,"column":89},"end":{"line":171,"column":107}},{"start":{"line":171,"column":111},"end":{"line":171,"column":121}},{"start":{"line":171,"column":125},"end":{"line":171,"column":130}}]},"33":{"loc":{"start":{"line":173,"column":12},"end":{"line":185,"column":13}},"type":"if","locations":[{"start":{"line":173,"column":12},"end":{"line":185,"column":13}},{"start":{"line":173,"column":12},"end":{"line":185,"column":13}}]},"34":{"loc":{"start":{"line":173,"column":16},"end":{"line":173,"column":109}},"type":"binary-expr","locations":[{"start":{"line":173,"column":16},"end":{"line":173,"column":30}},{"start":{"line":173,"column":34},"end":{"line":173,"column":50}},{"start":{"line":173,"column":54},"end":{"line":173,"column":77}},{"start":{"line":173,"column":81},"end":{"line":173,"column":109}}]},"35":{"loc":{"start":{"line":175,"column":16},"end":{"line":184,"column":17}},"type":"if","locations":[{"start":{"line":175,"column":16},"end":{"line":184,"column":17}},{"start":{"line":175,"column":16},"end":{"line":184,"column":17}}]},"36":{"loc":{"start":{"line":176,"column":38},"end":{"line":176,"column":91}},"type":"binary-expr","locations":[{"start":{"line":176,"column":38},"end":{"line":176,"column":60}},{"start":{"line":176,"column":64},"end":{"line":176,"column":91}}]},"37":{"loc":{"start":{"line":183,"column":20},"end":{"line":183,"column":124}},"type":"binary-expr","locations":[{"start":{"line":183,"column":20},"end":{"line":183,"column":34}},{"start":{"line":183,"column":38},"end":{"line":183,"column":57}},{"start":{"line":183,"column":62},"end":{"line":183,"column":123}}]},"38":{"loc":{"start":{"line":186,"column":23},"end":{"line":186,"column":60}},"type":"binary-expr","locations":[{"start":{"line":186,"column":23},"end":{"line":186,"column":36}},{"start":{"line":186,"column":40},"end":{"line":186,"column":60}}]},"39":{"loc":{"start":{"line":192,"column":12},"end":{"line":192,"column":49}},"type":"binary-expr","locations":[{"start":{"line":192,"column":12},"end":{"line":192,"column":24}},{"start":{"line":192,"column":28},"end":{"line":192,"column":49}}]}},"s":{"0":1,"1":1,"2":1,"3":1,"4":1,"5":1,"6":0,"7":0,"8":0,"9":0,"10":0,"11":0,"12":0,"13":0,"14":0,"15":0,"16":0,"17":0,"18":0,"19":0,"20":0,"21":0,"22":0,"23":0,"24":0,"25":0,"26":0,"27":0,"28":0,"29":0,"30":0,"31":0,"32":0,"33":0,"34":0,"35":0,"36":0,"37":0,"38":0,"39":0,"40":0,"41":0,"42":0,"43":0,"44":0,"45":0,"46":0,"47":0,"48":0,"49":0,"50":0,"51":0,"52":0,"53":0,"54":0,"55":0,"56":0,"57":0,"58":0,"59":0,"60":0,"61":0,"62":0,"63":0,"64":0,"65":0,"66":0,"67":0,"68":0,"69":0,"70":0,"71":0,"72":0,"73":0,"74":0,"75":0,"76":0,"77":0,"78":0,"79":0,"80":0,"81":0,"82":0,"83":0,"84":0,"85":0,"86":0,"87":0,"88":0,"89":0,"90":0,"91":0,"92":0,"93":0,"94":0,"95":0,"96":0,"97":0,"98":0,"99":0,"100":0,"101":0,"102":0,"103":0,"104":0,"105":0,"106":0,"107":0},"f":{"0":0,"1":0,"2":0,"3":0,"4":0,"5":0,"6":0,"7":0,"8":0,"9":0,"10":0,"11":0,"12":0,"13":0,"14":0,"15":0,"16":0,"17":0,"18":0,"19":0,"20":0,"21":0,"22":0,"23":0,"24":0,"25":0,"26":0},"b":{"0":[0,0],"1":[0,0],"2":[0,0],"3":[0,0],"4":[0,0],"5":[0,0],"6":[0,0],"7":[0,0],"8":[0,0],"9":[0,0],"10":[0,0],"11":[0,0],"12":[0,0],"13":[0,0],"14":[0,0],"15":[0,0],"16":[0,0],"17":[0,0],"18":[0,0],"19":[0,0],"20":[0,0],"21":[0,0],"22":[0,0],"23":[0,0],"24":[0,0],"25":[0,0],"26":[0,0],"27":[0,0,0,0],"28":[0,0,0,0],"29":[0,0,0,0],"30":[0,0],"31":[0,0],"32":[0,0,0],"33":[0,0],"34":[0,0,0,0],"35":[0,0],"36":[0,0],"37":[0,0,0],"38":[0,0],"39":[0,0]},"_coverageSchema":"332fd63041d2c1bcb487cc26dd0d5f7d97098a6c","hash":"e2cd904e80c3906f9975a985705c54cf2096c4aa","contentHash":"2cae1ea441142bac92fea18fc5ecf6b7_10.1.2"},"/home/jenkins/workspace/ut-card_post-commit/node_modules/ut-run/debug.js":{"path":"/home/jenkins/workspace/ut-card_post-commit/node_modules/ut-run/debug.js","statementMap":{"0":{"start":{"line":3,"column":12},"end":{"line":3,"column":35}},"1":{"start":{"line":4,"column":11},"end":{"line":4,"column":26}},"2":{"start":{"line":5,"column":20},"end":{"line":5,"column":27}},"3":{"start":{"line":6,"column":11},"end":{"line":6,"column":26}},"4":{"start":{"line":9,"column":4},"end":{"line":18,"column":5}},"5":{"start":{"line":11,"column":12},"end":{"line":11,"column":78}},"6":{"start":{"line":13,"column":12},"end":{"line":13,"column":30}},"7":{"start":{"line":15,"column":12},"end":{"line":15,"column":43}},"8":{"start":{"line":17,"column":12},"end":{"line":17,"column":24}},"9":{"start":{"line":21,"column":0},"end":{"line":197,"column":2}},"10":{"start":{"line":23,"column":27},"end":{"line":44,"column":18}},"11":{"start":{"line":46,"column":8},"end":{"line":52,"column":9}},"12":{"start":{"line":47,"column":12},"end":{"line":49,"column":13}},"13":{"start":{"line":48,"column":16},"end":{"line":48,"column":71}},"14":{"start":{"line":50,"column":23},"end":{"line":50,"column":44}},"15":{"start":{"line":51,"column":12},"end":{"line":51,"column":143}},"16":{"start":{"line":54,"column":8},"end":{"line":54,"column":40}},"17":{"start":{"line":56,"column":18},"end":{"line":56,"column":35}},"18":{"start":{"line":57,"column":19},"end":{"line":57,"column":41}},"19":{"start":{"line":63,"column":8},"end":{"line":101,"column":9}},"20":{"start":{"line":64,"column":12},"end":{"line":64,"column":30}},"21":{"start":{"line":66,"column":24},"end":{"line":66,"column":41}},"22":{"start":{"line":67,"column":26},"end":{"line":67,"column":28}},"23":{"start":{"line":68,"column":12},"end":{"line":74,"column":13}},"24":{"start":{"line":69,"column":16},"end":{"line":73,"column":19}},"25":{"start":{"line":75,"column":12},"end":{"line":84,"column":13}},"26":{"start":{"line":76,"column":16},"end":{"line":83,"column":19}},"27":{"start":{"line":85,"column":12},"end":{"line":91,"column":15}},"28":{"start":{"line":93,"column":12},"end":{"line":93,"column":145}},"29":{"start":{"line":94,"column":12},"end":{"line":100,"column":15}},"30":{"start":{"line":102,"column":8},"end":{"line":107,"column":9}},"31":{"start":{"line":103,"column":26},"end":{"line":103,"column":58}},"32":{"start":{"line":104,"column":12},"end":{"line":104,"column":78}},"33":{"start":{"line":105,"column":12},"end":{"line":105,"column":48}},"34":{"start":{"line":106,"column":12},"end":{"line":106,"column":60}},"35":{"start":{"line":108,"column":8},"end":{"line":113,"column":9}},"36":{"start":{"line":109,"column":30},"end":{"line":109,"column":72}},"37":{"start":{"line":110,"column":12},"end":{"line":110,"column":48}},"38":{"start":{"line":111,"column":12},"end":{"line":111,"column":52}},"39":{"start":{"line":112,"column":12},"end":{"line":112,"column":68}},"40":{"start":{"line":118,"column":8},"end":{"line":127,"column":9}},"41":{"start":{"line":119,"column":12},"end":{"line":126,"column":15}},"42":{"start":{"line":129,"column":8},"end":{"line":142,"column":9}},"43":{"start":{"line":130,"column":12},"end":{"line":137,"column":15}},"44":{"start":{"line":138,"column":12},"end":{"line":141,"column":15}},"45":{"start":{"line":144,"column":8},"end":{"line":147,"column":9}},"46":{"start":{"line":145,"column":23},"end":{"line":145,"column":67}},"47":{"start":{"line":146,"column":12},"end":{"line":146,"column":111}},"48":{"start":{"line":148,"column":8},"end":{"line":148,"column":74}},"49":{"start":{"line":149,"column":8},"end":{"line":149,"column":86}},"50":{"start":{"line":151,"column":22},"end":{"line":151,"column":39}},"51":{"start":{"line":152,"column":8},"end":{"line":154,"column":9}},"52":{"start":{"line":153,"column":12},"end":{"line":153,"column":67}},"53":{"start":{"line":155,"column":8},"end":{"line":169,"column":9}},"54":{"start":{"line":156,"column":12},"end":{"line":156,"column":67}},"55":{"start":{"line":157,"column":12},"end":{"line":161,"column":13}},"56":{"start":{"line":158,"column":16},"end":{"line":158,"column":72}},"57":{"start":{"line":160,"column":16},"end":{"line":160,"column":72}},"58":{"start":{"line":162,"column":12},"end":{"line":164,"column":78}},"59":{"start":{"line":166,"column":12},"end":{"line":168,"column":30}},"60":{"start":{"line":168,"column":25},"end":{"line":168,"column":27}},"61":{"start":{"line":170,"column":8},"end":{"line":195,"column":15}},"62":{"start":{"line":172,"column":16},"end":{"line":187,"column":18}},"63":{"start":{"line":179,"column":43},"end":{"line":179,"column":60}},"64":{"start":{"line":180,"column":24},"end":{"line":184,"column":101}},"65":{"start":{"line":181,"column":43},"end":{"line":181,"column":63}},"66":{"start":{"line":184,"column":50},"end":{"line":184,"column":98}},"67":{"start":{"line":184,"column":89},"end":{"line":184,"column":97}},"68":{"start":{"line":185,"column":24},"end":{"line":185,"column":44}},"69":{"start":{"line":190,"column":16},"end":{"line":190,"column":50}},"70":{"start":{"line":191,"column":16},"end":{"line":191,"column":58}},"71":{"start":{"line":192,"column":16},"end":{"line":192,"column":49}},"72":{"start":{"line":193,"column":16},"end":{"line":193,"column":49}},"73":{"start":{"line":194,"column":16},"end":{"line":194,"column":43}}},"fnMap":{"0":{"name":"getDataDirectory","decl":{"start":{"line":8,"column":9},"end":{"line":8,"column":25}},"loc":{"start":{"line":8,"column":28},"end":{"line":19,"column":1}}},"1":{"name":"(anonymous_1)","decl":{"start":{"line":22,"column":11},"end":{"line":22,"column":12}},"loc":{"start":{"line":22,"column":34},"end":{"line":196,"column":5}}},"2":{"name":"(anonymous_2)","decl":{"start":{"line":168,"column":18},"end":{"line":168,"column":19}},"loc":{"start":{"line":168,"column":25},"end":{"line":168,"column":27}}},"3":{"name":"(anonymous_3)","decl":{"start":{"line":171,"column":18},"end":{"line":171,"column":19}},"loc":{"start":{"line":171,"column":34},"end":{"line":188,"column":13}}},"4":{"name":"(anonymous_4)","decl":{"start":{"line":178,"column":26},"end":{"line":178,"column":27}},"loc":{"start":{"line":178,"column":32},"end":{"line":186,"column":21}}},"5":{"name":"(anonymous_5)","decl":{"start":{"line":181,"column":33},"end":{"line":181,"column":34}},"loc":{"start":{"line":181,"column":43},"end":{"line":181,"column":63}}},"6":{"name":"(anonymous_6)","decl":{"start":{"line":184,"column":37},"end":{"line":184,"column":38}},"loc":{"start":{"line":184,"column":50},"end":{"line":184,"column":98}}},"7":{"name":"(anonymous_7)","decl":{"start":{"line":184,"column":83},"end":{"line":184,"column":84}},"loc":{"start":{"line":184,"column":89},"end":{"line":184,"column":97}}},"8":{"name":"(anonymous_8)","decl":{"start":{"line":189,"column":19},"end":{"line":189,"column":20}},"loc":{"start":{"line":189,"column":28},"end":{"line":195,"column":13}}}},"branchMap":{"0":{"loc":{"start":{"line":9,"column":4},"end":{"line":18,"column":5}},"type":"switch","locations":[{"start":{"line":10,"column":8},"end":{"line":11,"column":78}},{"start":{"line":12,"column":8},"end":{"line":13,"column":30}},{"start":{"line":14,"column":8},"end":{"line":15,"column":43}},{"start":{"line":16,"column":8},"end":{"line":17,"column":24}}]},"1":{"loc":{"start":{"line":46,"column":8},"end":{"line":52,"column":9}},"type":"if","locations":[{"start":{"line":46,"column":8},"end":{"line":52,"column":9}},{"start":{"line":46,"column":8},"end":{"line":52,"column":9}}]},"2":{"loc":{"start":{"line":46,"column":12},"end":{"line":46,"column":53}},"type":"binary-expr","locations":[{"start":{"line":46,"column":12},"end":{"line":46,"column":28}},{"start":{"line":46,"column":32},"end":{"line":46,"column":53}}]},"3":{"loc":{"start":{"line":47,"column":12},"end":{"line":49,"column":13}},"type":"if","locations":[{"start":{"line":47,"column":12},"end":{"line":49,"column":13}},{"start":{"line":47,"column":12},"end":{"line":49,"column":13}}]},"4":{"loc":{"start":{"line":51,"column":46},"end":{"line":51,"column":81}},"type":"binary-expr","locations":[{"start":{"line":51,"column":46},"end":{"line":51,"column":64}},{"start":{"line":51,"column":68},"end":{"line":51,"column":81}}]},"5":{"loc":{"start":{"line":63,"column":8},"end":{"line":101,"column":9}},"type":"if","locations":[{"start":{"line":63,"column":8},"end":{"line":101,"column":9}},{"start":{"line":63,"column":8},"end":{"line":101,"column":9}}]},"6":{"loc":{"start":{"line":63,"column":12},"end":{"line":63,"column":58}},"type":"binary-expr","locations":[{"start":{"line":63,"column":12},"end":{"line":63,"column":32}},{"start":{"line":63,"column":36},"end":{"line":63,"column":58}}]},"7":{"loc":{"start":{"line":68,"column":12},"end":{"line":74,"column":13}},"type":"if","locations":[{"start":{"line":68,"column":12},"end":{"line":74,"column":13}},{"start":{"line":68,"column":12},"end":{"line":74,"column":13}}]},"8":{"loc":{"start":{"line":70,"column":27},"end":{"line":70,"column":63}},"type":"binary-expr","locations":[{"start":{"line":70,"column":27},"end":{"line":70,"column":52}},{"start":{"line":70,"column":56},"end":{"line":70,"column":63}}]},"9":{"loc":{"start":{"line":75,"column":12},"end":{"line":84,"column":13}},"type":"if","locations":[{"start":{"line":75,"column":12},"end":{"line":84,"column":13}},{"start":{"line":75,"column":12},"end":{"line":84,"column":13}}]},"10":{"loc":{"start":{"line":77,"column":27},"end":{"line":77,"column":64}},"type":"binary-expr","locations":[{"start":{"line":77,"column":27},"end":{"line":77,"column":53}},{"start":{"line":77,"column":57},"end":{"line":77,"column":64}}]},"11":{"loc":{"start":{"line":89,"column":32},"end":{"line":89,"column":90}},"type":"binary-expr","locations":[{"start":{"line":89,"column":32},"end":{"line":89,"column":48}},{"start":{"line":89,"column":53},"end":{"line":89,"column":83}},{"start":{"lin
[...]
}},"21":{"name":"(anonymous_21)","decl":{"start":{"line":203,"column":29},"end":{"line":203,"column":30}},"loc":{"start":{"line":203,"column":62},"end":{"line":207,"column":5}}},"22":{"name":"(anonymous_22)","decl":{"start":{"line":209,"column":23},"end":{"line":209,"column":24}},"loc":{"start":{"line":209,"column":56},"end":{"line":217,"column":5}}},"23":{"name":"(anonymous_23)","decl":{"start":{"line":218,"column":22},"end":{"line":218,"column":23}},"loc":{"start":{"line":218,"column":55},"end":{"line":222,"column":5}}},"24":{"name":"(anonymous_24)","decl":{"start":{"line":223,"column":32},"end":{"line":223,"column":33}},"loc":{"start":{"line":223,"column":65},"end":{"line":229,"column":5}}}},"branchMap":{"0":{"loc":{"start":{"line":23,"column":27},"end":{"line":23,"column":67}},"type":"binary-expr","locations":[{"start":{"line":23,"column":27},"end":{"line":23,"column":36}},{"start":{"line":23,"column":40},"end":{"line":23,"column":67}}]},"1":{"loc":{"start":{"line":24,"column":26},"end":{"line":24,"column":87}},"type":"binary-expr","locations":[{"start":{"line":24,"column":26},"end":{"line":24,"column":57}},{"start":{"line":24,"column":61},"end":{"line":24,"column":87}}]},"2":{"loc":{"start":{"line":25,"column":28},"end":{"line":25,"column":93}},"type":"binary-expr","locations":[{"start":{"line":25,"column":28},"end":{"line":25,"column":61}},{"start":{"line":25,"column":65},"end":{"line":25,"column":93}}]},"3":{"loc":{"start":{"line":26,"column":29},"end":{"line":26,"column":96}},"type":"binary-expr","locations":[{"start":{"line":26,"column":29},"end":{"line":26,"column":63}},{"start":{"line":26,"column":67},"end":{"line":26,"column":96}}]},"4":{"loc":{"start":{"line":27,"column":30},"end":{"line":27,"column":99}},"type":"binary-expr","locations":[{"start":{"line":27,"column":30},"end":{"line":27,"column":65}},{"start":{"line":27,"column":69},"end":{"line":27,"column":99}}]},"5":{"loc":{"start":{"line":28,"column":29},"end":{"line":28,"column":96}},"type":"binary-expr","locations":[{"start":{"line":28,"column":29},"end":{"line":28,"column":63}},{"start":{"line":28,"column":67},"end":{"line":28,"column":96}}]},"6":{"loc":{"start":{"line":29,"column":24},"end":{"line":29,"column":82}},"type":"binary-expr","locations":[{"start":{"line":29,"column":24},"end":{"line":29,"column":53}},{"start":{"line":29,"column":57},"end":{"line":29,"column":82}}]},"7":{"loc":{"start":{"line":32,"column":29},"end":{"line":32,"column":99}},"type":"binary-expr","locations":[{"start":{"line":32,"column":29},"end":{"line":32,"column":63}},{"start":{"line":32,"column":67},"end":{"line":32,"column":99}}]},"8":{"loc":{"start":{"line":33,"column":29},"end":{"line":33,"column":96}},"type":"binary-expr","locations":[{"start":{"line":33,"column":29},"end":{"line":33,"column":63}},{"start":{"line":33,"column":67},"end":{"line":33,"column":96}}]},"9":{"loc":{"start":{"line":38,"column":28},"end":{"line":38,"column":67}},"type":"binary-expr","locations":[{"start":{"line":38,"column":28},"end":{"line":38,"column":61}},{"start":{"line":38,"column":65},"end":{"line":38,"column":67}}]},"10":{"loc":{"start":{"line":39,"column":32},"end":{"line":39,"column":105}},"type":"binary-expr","locations":[{"start":{"line":39,"column":32},"end":{"line":39,"column":69}},{"start":{"line":39,"column":73},"end":{"line":39,"column":105}}]},"11":{"loc":{"start":{"line":71,"column":27},"end":{"line":71,"column":64}},"type":"binary-expr","locations":[{"start":{"line":71,"column":27},"end":{"line":71,"column":59}},{"start":{"line":71,"column":63},"end":{"line":71,"column":64}}]},"12":{"loc":{"start":{"line":72,"column":27},"end":{"line":72,"column":64}},"type":"binary-expr","locations":[{"start":{"line":72,"column":27},"end":{"line":72,"column":59}},{"start":{"line":72,"column":63},"end":{"line":72,"column":64}}]},"13":{"loc":{"start":{"line":87,"column":23},"end":{"line":87,"column":37}},"type":"binary-expr","locations":[{"start":{"line":87,"column":23},"end":{"line":87,"column":32}},{"start":{"line":87,"column":36},"end":{"line":87,"column":37}}]}},"s":{"0":1,"1":1,"2":1,"3":0,"4":0,"5":0,"6":0,"7":0,"8":0,"9":0,"10":0,"11":0,"12":0,"13":0,"14":0,"15":0,"16":0,"17":0,"18":0,"19":0,"20":0,"21":0,"22":0,"23":0,"24":0,"25":0,"26":0,"27":0},"f":{"0":0,"1":0,"2":0,"3":0,"4":0,"5":0,"6":0,"7":0,"8":0,"9":0,"10":0,"11":0,"12":0,"13":0,"14":0,"15":0,"16":0,"17":0,"18":0,"19":0,"20":0,"21":0,"22":0,"23":0,"24":0},"b":{"0":[0,0],"1":[0,0],"2":[0,0],"3":[0,0],"4":[0,0],"5":[0,0],"6":[0,0],"7":[0,0],"8":[0,0],"9":[0,0],"10":[0,0],"11":[0,0],"12":[0,0],"13":[0,0]},"_coverageSchema":"332fd63041d2c1bcb487cc26dd0d5f7d97098a6c","hash":"c53f72b07e4b71cc559059fa0b98ac8a4df0c9b4","contentHash":"3ad17cf502c8ef0997dc2d24a74497dc_10.1.2"},"/home/jenkins/workspace/ut-card_post-commit/node_modules/ut-test/lib/constants/document.js":{"path":"/home/jenkins/workspace/ut-card_post-commit/node_modules/ut-test/lib/constants/document.js","statementMap":{"0":{"start":{"line":1,"column":17},"end":{"line":1,"column":51}},"1":{"start":{"line":2,"column":0},"end":{"line":29,"column":2}},"2":{"start":{"line":4,"column":8},"end":{"line":27,"column":10}}},"fnMap":{"0":{"name":"(anonymous_0)","decl":{"start":{"line":3,"column":15},"end":{"line":3,"column":16}},"loc":{"start":{"line":3,"column":26},"end":{"line":28,"column":5}}}},"branchMap":{},"s":{"0":1,"1":1,"2":1},"f":{"0":1},"b":{},"_coverageSchema":"332fd63041d2c1bcb487cc26dd0d5f7d97098a6c","hash":"5a3a5903c12a2c35a77f7b9ceb576241da5dc15c","contentHash":"f546981ea1b94ff202a9498b4ba1bafb_10.1.2"},"/home/jenkins/workspace/ut-card_post-commit/node_modules/ut-test/lib/joiValidations/transfer.js":{"path":"/home/jenkins/workspace/ut-card_post-commit/node_modules/ut-test/lib/joiValidations/transfer.js","statementMap":{"0":{"start":{"line":1,"column":10},"end":{"line":1,"column":24}},"1":{"start":{"line":2,"column":0},"end":{"line":266,"column":2}},"2":{"start":{"line":8,"column":21},"end":{"line":30,"column":21}},"3":{"start":{"line":31,"column":8},"end":{"line":31,"column":65}},"4":{"start":{"line":38,"column":21},"end":{"line":60,"column":21}},"5":{"start":{"line":61,"column":8},"end":{"line":61,"column":65}},"6":{"start":{"line":68,"column":21},"end":{"line":134,"column":10}},"7":{"start":{"line":135,"column":8},"end":{"line":135,"column":65}},"8":{"start":{"line":142,"column":21},"end":{"line":227,"column":10}},"9":{"start":{"line":228,"column":8},"end":{"line":228,"column":65}},"10":{"start":{"line":235,"column":21},"end":{"line":243,"column":10}},"11":{"start":{"line":244,"column":8},"end":{"line":244,"column":65}},"12":{"start":{"line":251,"column":21},"end":{"line":263,"column":11}},"13":{"start":{"line":264,"column":8},"end":{"line":264,"column":60}}},"fnMap":{"0":{"name":"(anonymous_0)","decl":{"start":{"line":7,"column":32},"end":{"line":7,"column":33}},"loc":{"start":{"line":7,"column":49},"end":{"line":32,"column":5}}},"1":{"name":"(anonymous_1)","decl":{"start":{"line":37,"column":33},"end":{"line":37,"column":34}},"loc":{"start":{"line":37,"column":50},"end":{"line":62,"column":5}}},"2":{"name":"(anonymous_2)","decl":{"start":{"line":67,"column":28},"end":{"line":67,"column":29}},"loc":{"start":{"line":67,"column":45},"end":{"line":136,"column":5}}},"3":{"name":"(anonymous_3)","decl":{"start":{"line":141,"column":38},"end":{"line":141,"column":39}},"loc":{"start":{"line":141,"column":55},"end":{"line":229,"column":5}}},"4":{"name":"(anonymous_4)","decl":{"start":{"line":234,"column":24},"end":{"line":234,"column":25}},"loc":{"start":{"line":234,"column":41},"end":{"line":245,"column":5}}},"5":{"name":"(anonymous_5)","decl":{"start":{"line":250,"column":32},"end":{"line":250,"column":33}},"loc":{"start":{"line":250,"column":49},"end":{"line":265,"column":5}}}},"branchMap":{},"s":{"0":1,"1":1,"2":0,"3":0,"4":0,"5":0,"6":0,"7":0,"8":0,"9":0,"10":0,"11":0,"12":0,"13":0},"f":{"0":0,"1":0,"2":0,"3":0,"4":0,"5":0},"b":{},"_coverageSchema":"332fd63041d2c1bcb487cc26dd0d5f7d97098a6c","hash":"f65311fdbed69777ec30b23b0158b1ddd02e62fc","contentHash":"513ad6b880e737cf17e965e93f112553_10.1.2"},"/home/jenkins/workspace/ut-card_post-commit/node_modules/ut-test/lib/constants/product.js":{"path":"/home/jenkins/workspace/ut-card_post-commit/node_modules/ut-test/lib/constants/product.js","statementMap":{"0":{"start":{"line":1,"column":17},"end":{"line":1,"column":51}},"1":{"start":{"line":2,"column":0},"end":{"line":24,"column":2}},"2":{"start":{"line":4,"column":8},"end":{"line":22,"column":10}}},"fnMap":{"0":{"name":"(anonymous_0)","decl":{"start":{"line":3,"column":15},"end":{"line":3,"column":16}},"loc":{"start":{"line":3,"column":26},"end":{"line":23,"column":5}}}},"branchMap":{},"s":{"0":1,"1":1,"2":20},"f":{"0":20},"b":{},"_coverageSchema":"332fd63041d2c1bcb487cc26dd0d5f7d97098a6c","hash":"acce9ca2f26d9587241e4060f947256608e5c1b1","contentHash":"14aa1288e4a0b79d167c7537c95d8e55_10.1.2"},"/home/jenkins/workspace/ut-card_post-commit/node_modules/ut-test/lib/methods/product.js":{"path":"/home/jenkins/workspace/ut-card_post-commit/node_modules/ut-test/lib/methods/product.js","statementMap":{"0":{"start":{"line":1,"column":17},"end":{"line":1,"column":40}},"1":{"start":{"line":2,"column":20},"end":{"line":2,"column":57}},"2":{"start":{"line":3,"column":27},"end":{"line":3,"column":65}},"3":{"start":{"line":5,"column":0},"end":{"line":54,"column":2}},"4":{"start":{"line":7,"column":8},"end":{"line":10,"column":11}},"5":{"start":{"line":7,"column":80},"end":{"line":7,"column":145}},"6":{"start":{"line":9,"column":12},"end":{"line":9,"column":132}},"7":{"start":{"line":13,"column":8},"end":{"line":16,"column":11}},"8":{"start":{"line":13,"column":81},"end":{"line":13,"column":134}},"9":{"start":{"line":15,"column":12},"end":{"line":15,"column":143}},"10":{"start":{"line":19,"column":8},"end":{"line":22,"column":11}},"11":{"start":{"line":19,"column":82},"end":{"line":19,"column":136}},"12":{"start":{"line":21,"column":12},"end":{"line":21,"column":143}},"13":{"start":{"line":25,"column":8},"end":{"line":28,"column":11}},"14":{"start":{"line":25,"column":80},"end":{"line":25,"column":131}},"15":{"start":{"line":27,"column":12},"end":{"line":27,"column":143}},"16":{"start":{"line":31,"column":8},"end":{"line":34,"column":11}},"17":{"start":{"line":31,"column":84},"end":{"line":31,"column":140}},"18":{"start":{"line":33,"column":12},"end":{"line":33,"column":80}},"19":{"start":{"line":37,"column":8},"end":{"line":40,"column":11}},"20":{"start":{"line":37,"column":83},"end":{"line":37,"column":138}},"21":{"start":{"line":39,"column":12},"end":{"line":39,"column":79}},"22":{"start":{"line":43,"column":8},"end":{"line":46,"column":11}},"23":{"start":{"line":43,"column":81},"end":{"line":43,"column":134}},"24":{"start":{"line":45,"column":12},"end":{"line":45,"column":84}},"25":{"start":{"line":49,"column":8},"end":{"line":52,"column":11}},"26":{"start":{"line":49,"column":84},"end":{"line":49,"column":135}},"27":{"start":{"line":51,"column":12},"end":{"line":51,"column":88}}},"fnMap":{"0":{"name":"(anonymous_0)","decl":{"start":{"line":6,"column":16},"end":{"line":6,"column":17}},"loc":{"start":{"line":6,"column":61},"end":{"line":11,"column":5}}},"1":{"name":"(anonymous_1)","decl":{"start":{"line":7,"column":69},"end":{"line":7,"column":70}},"loc":{"start":{"line":7,"column":80},"end":{"line":7,"column":145}}},"2":{"name":"(anonymous_2)","decl":{"start":{"line":8,"column":8},"end":{"line":8,"column":9}},"loc":{"start":{"line":8,"column":28},"end":{"line":10,"column":9}}},"3":{"name":"(anonymous_3)","decl":{"start":{"line":12,"column":17},"end":{"line":12,"column":18}},"loc":{"start":{"line":12,"column":49},"end":{"line":17,"column":5}}},"4":{"name":"(anonymous_4)","decl":{"start":{"line":13,"column":70},"end":{"line":13,"column":71}},"loc":{"start":{"line":13,"column":81},"end":{"line":13,"column":134}}},"5":{"name":"(anonymous_5)","decl":{"start":{"line":14,"column":8},"end":{"line":14,"column":9}},"loc":{"start":{"line":14,"column":28},"end":{"line":16,"column":9}}},"6":{"name":"(anonymous_6)","decl":{"start":{"line":18,"column":18},"end":{"line":18,"column":19}},"loc":{"start":{"line":18,"column":50},"end":{"line":23,"column":5}}},"7":{"name":"(anonymous_7)","decl":{"start":{"line":19,"column":71},"end":{"line":19,"column":72}},"loc":{"start":{"line":19,"column":82},"end":{"line":19,"column":136}}},"8":{"name":"(anonymous_8)","decl":{"start":{"line":20,"column":8},"end":{"line":20,"column":9}},"loc":{"start":{"line":20,"column":28},"end":{"line":22,"column":9}}},"9":{"name":"(anonymous_9)","decl":{"start":{"line":24,"column":16},"end":{"line":24,"column":17}},"loc":{"start":{"line":24,"column":48},"end":{"line":29,"column":5}}},"10":{"name":"(anonymous_10)","decl":{"start":{"line":25,"column":69},"end":{"line":25,"column":70}},"loc":{"start":{"line":25,"column":80},"end":{"line":25,"column":131}}},"11":{"name":"(anonymous_11)","decl":{"start":{"line":26,"column":8},"end":{"line":26,"column":9}},"loc":{"start":{"line":26,"column":28},"end":{"line":28,"column":9}}},"12":{"name":"(anonymous_12)","decl":{"start":{"line":30,"column":20},"end":{"line":30,"column":21}},"loc":{"start":{"line":30,"column":52},"end":{"line":35,"column":5}}},"13":{"name":"(anonymous_13)","decl":{"start":{"line":31,"column":73},"end":{"line":31,"column":74}},"loc":{"start":{"line":31,"column":84},"end":{"line":31,"column":140}}},"14":{"name":"(anonymous_14)","decl":{"start":{"line":32,"column":8},"end":{"line":32,"column":9}},"loc":{"start":{"line":32,"column":28},"end":{"line":34,"column":9}}},"15":{"name":"(anonymous_15)","decl":{"start":{"line":36,"column":19},"end":{"line":36,"column":20}},"loc":{"start":{"line":36,"column":51},"end":{"line":41,"column":5}}},"16":{"name":"(anonymous_16)","decl":{"start":{"line":37,"column":72},"end":{"line":37,"column":73}},"loc":{"start":{"line":37,"column":83},"end":{"line":37,"column":138}}},"17":{"name":"(anonymous_17)","decl":{"start":{"line":38,"column":8},"end":{"line":38,"column":9}},"loc":{"start":{"line":38,"column":28},"end":{"line":40,"column":9}}},"18":{"name":"(anonymous_18)","decl":{"start":{"line":42,"column":17},"end":{"line":42,"column":18}},"loc":{"start":{"line":42,"column":49},"end":{"line":47,"column":5}}},"19":{"name":"(anonymous_19)","decl":{"start":{"line":43,"column":70},"end":{"line":43,"column":71}},"loc":{"start":{"line":43,"column":81},"end":{"line":43,"column":134}}},"20":{"name":"(anonymous_20)","decl":{"start":{"line":44,"column":8},"end":{"line":44,"column":9}},"loc":{"start":{"line":44,"column":28},"end":{"line":46,"column":9}}},"21":{"name":"(anonymous_21)","decl":{"start":{"line":48,"column":20},"end":{"line":48,"column":21}},"loc":{"start":{"line":48,"column":52},"end":{"line":53,"column":5}}},"22":{"name":"(anonymous_22)","decl":{"start":{"line":49,"column":73},"end":{"line":49,"column":74}},"loc":{"start":{"line":49,"column":84},"end":{"line":49,"column":135}}},"23":{"name":"(anonymous_23)","decl":{"start":{"line":50,"column":8},"end":{"line":50,"column":9}},"loc":{"start":{"line":50,"column":28},"end":{"line":52,"column":9}}}},"branchMap":{},"s":{"0":1,"1":1,"2":1,"3":1,"4":0,"5":0,"6":0,"7":0,"8":0,"9":0,"10":0,"11":0,"12":0,"13":0,"14":0,"15":0,"16":0,"17":0,"18":0,"19":0,"20":0,"21":0,"22":0,"23":0,"24":0,"25":0,"26":0,"27":0},"f":{"0":0,"1":0,"2":0,"3":0,"4":0,"5":0,"6":0,"7":0,"8":0,"9":0,"10":0,"11":0,"12":0,"13":0,"14":0,"15":0,"16":0,"17":0,"18":0,"19":0,"20":0,"21":0,"22":0,"23":0},"b":{},"_coverageSchema":"332fd63041d2c1bcb487cc26dd0d5f7d97098a6c","hash":"bac338f6c4ae21245ad84d53b2cfadc54a111e37","contentHash":"35f8c0310cdd37b935512aec45f0aad2_10.1.2"},"/home/jenkins/workspace/ut-card_post-commit/node_modules/ut-test/lib/requestParams/product.js":{"path":"/home/jenkins/workspace/ut-card_post-commit/node_modules/ut-test/lib/requestParams/product.js","statementMap":{"0":{"start":{"line":1,"column":24},"end":{"line":1,"column":70}},"1":{"start":{"line":3,"column":0},"end":{"line":94,"column":2}},"2":{"start":{"line":5,"column":8},"end":{"line":25,"column":10}},"3":{"start":{"line":28,"column":8},"end":{"line":48,"column":10}},"4":{"start":{"line":51,"column":8},"end":{"line":68,"column":10}},"5":{"start":{"line":71,"column":8},"end":{"line":73,"column":10}},"6":{"start":{"line":76,"column":8},"end":{"line":79,"column":10}},"7":{"start":{"line":82,"column":8},"end":{"line":86,"column":10}},"8":{"start":{"line":89,"column":8},"end":{"line":92,"column":10}}},"fnMap":{"0":{"name":"(anonymous_0)","decl":{"start":{"line":4,"column":22},"end":{"line":4,"column":23}},"loc":{"start":{"line":4,"column":68},"end":{"line":26,"column":5}}},"1":{"name":"(anonymous_1)","decl":{"start":{"line":27,"column":23},"end":{"line":27,"column":24}},"loc":{"start":{"line":27,"column":56},"end":{"line":49,"column":5}}},"2":{"name":"(anonymous_2)","decl":{"start":{"line":50,"column":24},"end":{"line":50,"column":25}},"loc":{"start":{"line":50,"column":57},"end":{"line":69,"column":5}}},"3":{"name":"(anonymous_3)","decl":{"start":{"line":70,"column":21},"end":{"line":70,"column":22}},"loc":{"start":{"line":70,"column":55},"end":{"line":74,"column":5}}},"4":{"name":"(anonymous_4)","decl":{"start":{"line":75,"column":26},"end":{"line":75,"column":27}},"loc":{"start":{"line":75,"column":59},"end":{"line":80,"column":5}}},"5":{"name":"(anonymous_5)","decl":{"start":{"line":81,"column":25},"end":{"line":81,"column":26}},"loc":{"start":{"line":81,"column":58},"end":{"line":87,"column":5}}},"6":{"name":"(anonymous_6)","decl":{"start":{"line":88,"column":23},"end":{"line":88,"column":24}},"loc":{"start":{"line":88,"column":56},"end":{"line":93,"column":5}}}},"branchMap":{"0":{"loc":{"start":{"line":61,"column":24},"end":{"line":61,"column":70}},"type":"binary-expr","locations":[{"start":{"line":61,"column":24},"end":{"line":61,"column":53}},{"start":{"line":61,"column":57},"end":{"line":61,"column":70}}]},"1":{"loc":{"start":{"line":62,"column":27},"end":{"line":62,"column":93}},"type":"binary-expr","locations":[{"start":{"line":62,"column":27},"end":{"line":62,"column":59}},{"start":{"line":62,"column":63},"end":{"line":62,"column":93}}]}},"s":{"0":1,"1":1,"2":0,"3":0,"4":0,"5":0,"6":0,"7":0,"8":0},"f":{"0":0,"1":0,"2":0,"3":0,"4":0,"5":0,"6":0},"b":{"0":[0,0],"1":[0,0]},"_coverageSchema":"332fd63041d2c1bcb487cc26dd0d5f7d97098a6c","hash":"af4eb7710e170582362493e73d7241318e60c1bc","contentHash":"c598117180e12968bdac306c78fd9f7d_10.1.2"},"/home/jenkins/workspace/ut-card_post-commit/node_modules/ut-test/lib/joiValidations/product.js":{"path":"/home/jenkins/workspace/ut-card_post-commit/node_modules/ut-test/lib/joiValidations/product.js","statementMap":{"0":{"start":{"line":1,"column":10},"end":{"line":1,"column":24}},"1":{"start":{"line":2,"column":0},"end":{"line":113,"column":2}},"2":{"start":{"line":8,"column":21},"end":{"line":48,"column":21}},"3":{"start":{"line":49,"column":8},"end":{"line":49,"column":65}},"4":{"start":{"line":56,"column":21},"end":{"line":72,"column":22}},"5":{"start":{"line":73,"column":8},"end":{"line":73,"column":65}},"6":{"start":{"line":80,"column":21},"end":{"line":110,"column":22}},"7":{"start":{"line":111,"column":8},"end":{"line":111,"column":65}}},"fnMap":{"0":{"name":"(anonymous_0)","decl":{"start":{"line":7,"column":24},"end":{"line":7,"column":25}},"loc":{"start":{"line":7,"column":41},"end":{"line":50,"column":5}}},"1":{"name":"(anonymous_1)","decl":{"start":{"line":55,"column":26},"end":{"line":55,"column":27}},"loc":{"start":{"line":55,"column":43},"end":{"line":74,"column":5}}},"2":{"name":"(anonymous_2)","decl":{"start":{"line":79,"column":24},"end":{"line":79,"column":25}},"loc":{"start":{"line":79,"column":41},"end":{"line":112,"column":5}}}},"branchMap":{},"s":{"0":1,"1":1,"2":0,"3":0,"4":0,"5":0,"6":0,"7":0},"f":{"0":0,"1":0,"2":0},"b":{},"_coverageSchema":"332fd63041d2c1bcb487cc26dd0d5f7d97098a6c","hash":"fb689024762f5a2d26bcc812dd9ff9e5444d7f9d","contentHash":"1094bc59c177d792716ab426d0b8ca2d_10.1.2"}}